TN:
SF:/home/travis/build/watson-developer-cloud/node-sdk/index.ts
FN:58,(anonymous_1)
FN:66,(anonymous_2)
FN:71,(anonymous_3)
FN:119,(anonymous_4)
FN:124,(anonymous_5)
FN:129,(anonymous_6)
FN:134,(anonymous_7)
FNF:7
FNH:6
FNDA:16,(anonymous_1)
FNDA:12,(anonymous_2)
FNDA:32,(anonymous_3)
FNDA:10,(anonymous_4)
FNDA:2,(anonymous_5)
FNDA:2,(anonymous_6)
FNDA:0,(anonymous_7)
DA:21,1
DA:23,1
DA:25,1
DA:27,1
DA:29,1
DA:31,1
DA:33,1
DA:35,1
DA:37,1
DA:39,1
DA:41,1
DA:43,1
DA:45,1
DA:47,1
DA:49,1
DA:51,1
DA:57,1
DA:58,1
DA:59,16
DA:60,16
DA:61,16
DA:62,16
DA:63,16
DA:66,1
DA:67,12
DA:74,32
DA:81,32
DA:84,32
DA:85,0
DA:88,32
DA:90,32
DA:91,5
DA:96,27
DA:108,1
DA:120,10
DA:125,2
DA:129,1
DA:130,2
DA:135,0
LF:39
LH:37
BRDA:62,0,0,16
BRDA:62,0,1,12
BRDA:81,1,0,32
BRDA:81,1,1,1
BRDA:84,2,0,0
BRDA:84,2,1,32
BRDA:90,3,0,5
BRDA:90,3,1,27
BRF:8
BRH:7
end_of_record
TN:
SF:/home/travis/build/watson-developer-cloud/node-sdk/assistant/v1.ts
FN:26,(anonymous_5)
FN:50,AssistantV1
FN:89,(anonymous_7)
FN:91,(anonymous_8)
FN:161,(anonymous_9)
FN:163,(anonymous_10)
FN:206,(anonymous_11)
FN:208,(anonymous_12)
FN:251,(anonymous_13)
FN:253,(anonymous_14)
FN:301,(anonymous_15)
FN:303,(anonymous_16)
FN:361,(anonymous_17)
FN:363,(anonymous_18)
FN:430,(anonymous_19)
FN:432,(anonymous_20)
FN:478,(anonymous_21)
FN:480,(anonymous_22)
FN:525,(anonymous_23)
FN:527,(anonymous_24)
FN:581,(anonymous_25)
FN:583,(anonymous_26)
FN:638,(anonymous_27)
FN:640,(anonymous_28)
FN:697,(anonymous_29)
FN:699,(anonymous_30)
FN:746,(anonymous_31)
FN:748,(anonymous_32)
FN:791,(anonymous_33)
FN:793,(anonymous_34)
FN:844,(anonymous_35)
FN:846,(anonymous_36)
FN:900,(anonymous_37)
FN:902,(anonymous_38)
FN:957,(anonymous_39)
FN:959,(anonymous_40)
FN:1003,(anonymous_41)
FN:1005,(anonymous_42)
FN:1046,(anonymous_43)
FN:1048,(anonymous_44)
FN:1097,(anonymous_45)
FN:1099,(anonymous_46)
FN:1146,(anonymous_47)
FN:1148,(anonymous_48)
FN:1205,(anonymous_49)
FN:1207,(anonymous_50)
FN:1255,(anonymous_51)
FN:1257,(anonymous_52)
FN:1302,(anonymous_53)
FN:1304,(anonymous_54)
FN:1358,(anonymous_55)
FN:1360,(anonymous_56)
FN:1418,(anonymous_57)
FN:1420,(anonymous_58)
FN:1479,(anonymous_59)
FN:1481,(anonymous_60)
FN:1546,(anonymous_61)
FN:1548,(anonymous_62)
FN:1598,(anonymous_63)
FN:1600,(anonymous_64)
FN:1646,(anonymous_65)
FN:1648,(anonymous_66)
FN:1703,(anonymous_67)
FN:1705,(anonymous_68)
FN:1772,(anonymous_69)
FN:1774,(anonymous_70)
FN:1833,(anonymous_71)
FN:1835,(anonymous_72)
FN:1883,(anonymous_73)
FN:1885,(anonymous_74)
FN:1930,(anonymous_75)
FN:1932,(anonymous_76)
FN:1985,(anonymous_77)
FN:1987,(anonymous_78)
FN:2042,(anonymous_79)
FN:2044,(anonymous_80)
FN:2124,(anonymous_81)
FN:2126,(anonymous_82)
FN:2187,(anonymous_83)
FN:2189,(anonymous_84)
FN:2230,(anonymous_85)
FN:2232,(anonymous_86)
FN:2281,(anonymous_87)
FN:2283,(anonymous_88)
FN:2360,(anonymous_89)
FN:2362,(anonymous_90)
FN:2435,(anonymous_91)
FN:2437,(anonymous_92)
FN:2485,(anonymous_93)
FN:2487,(anonymous_94)
FN:2538,(anonymous_95)
FN:2540,(anonymous_96)
FN:2573,(anonymous_97)
FN:3013,(anonymous_98)
FN:3015,(anonymous_99)
FN:3090,(anonymous_100)
FN:3092,(anonymous_101)
FN:3219,(anonymous_102)
FN:3221,(anonymous_103)
FN:3230,(anonymous_104)
FN:3242,(anonymous_105)
FN:3248,(anonymous_106)
FN:3254,(anonymous_107)
FN:3344,(anonymous_108)
FN:3346,(anonymous_109)
FN:3355,(anonymous_110)
FN:3367,(anonymous_111)
FN:3373,(anonymous_112)
FN:3379,(anonymous_113)
FNF:109
FNH:63
FNDA:1,(anonymous_5)
FNDA:8,AssistantV1
FNDA:9,(anonymous_7)
FNDA:0,(anonymous_8)
FNDA:5,(anonymous_9)
FNDA:0,(anonymous_10)
FNDA:5,(anonymous_11)
FNDA:0,(anonymous_12)
FNDA:5,(anonymous_13)
FNDA:0,(anonymous_14)
FNDA:7,(anonymous_15)
FNDA:0,(anonymous_16)
FNDA:5,(anonymous_17)
FNDA:0,(anonymous_18)
FNDA:5,(anonymous_19)
FNDA:0,(anonymous_20)
FNDA:5,(anonymous_21)
FNDA:0,(anonymous_22)
FNDA:5,(anonymous_23)
FNDA:0,(anonymous_24)
FNDA:6,(anonymous_25)
FNDA:0,(anonymous_26)
FNDA:5,(anonymous_27)
FNDA:0,(anonymous_28)
FNDA:8,(anonymous_29)
FNDA:0,(anonymous_30)
FNDA:8,(anonymous_31)
FNDA:0,(anonymous_32)
FNDA:8,(anonymous_33)
FNDA:0,(anonymous_34)
FNDA:6,(anonymous_35)
FNDA:0,(anonymous_36)
FNDA:5,(anonymous_37)
FNDA:0,(anonymous_38)
FNDA:8,(anonymous_39)
FNDA:0,(anonymous_40)
FNDA:7,(anonymous_41)
FNDA:0,(anonymous_42)
FNDA:7,(anonymous_43)
FNDA:0,(anonymous_44)
FNDA:6,(anonymous_45)
FNDA:0,(anonymous_46)
FNDA:7,(anonymous_47)
FNDA:0,(anonymous_48)
FNDA:7,(anonymous_49)
FNDA:0,(anonymous_50)
FNDA:7,(anonymous_51)
FNDA:0,(anonymous_52)
FNDA:7,(anonymous_53)
FNDA:0,(anonymous_54)
FNDA:6,(anonymous_55)
FNDA:0,(anonymous_56)
FNDA:7,(anonymous_57)
FNDA:0,(anonymous_58)
FNDA:6,(anonymous_59)
FNDA:0,(anonymous_60)
FNDA:5,(anonymous_61)
FNDA:0,(anonymous_62)
FNDA:5,(anonymous_63)
FNDA:0,(anonymous_64)
FNDA:5,(anonymous_65)
FNDA:0,(anonymous_66)
FNDA:6,(anonymous_67)
FNDA:0,(anonymous_68)
FNDA:5,(anonymous_69)
FNDA:0,(anonymous_70)
FNDA:5,(anonymous_71)
FNDA:0,(anonymous_72)
FNDA:5,(anonymous_73)
FNDA:0,(anonymous_74)
FNDA:5,(anonymous_75)
FNDA:0,(anonymous_76)
FNDA:6,(anonymous_77)
FNDA:0,(anonymous_78)
FNDA:5,(anonymous_79)
FNDA:0,(anonymous_80)
FNDA:7,(anonymous_81)
FNDA:0,(anonymous_82)
FNDA:7,(anonymous_83)
FNDA:0,(anonymous_84)
FNDA:7,(anonymous_85)
FNDA:0,(anonymous_86)
FNDA:6,(anonymous_87)
FNDA:0,(anonymous_88)
FNDA:8,(anonymous_89)
FNDA:0,(anonymous_90)
FNDA:4,(anonymous_91)
FNDA:0,(anonymous_92)
FNDA:5,(anonymous_93)
FNDA:0,(anonymous_94)
FNDA:0,(anonymous_95)
FNDA:0,(anonymous_96)
FNDA:1,(anonymous_97)
FNDA:1,(anonymous_98)
FNDA:1,(anonymous_99)
FNDA:1,(anonymous_100)
FNDA:1,(anonymous_101)
FNDA:1,(anonymous_102)
FNDA:1,(anonymous_103)
FNDA:1,(anonymous_104)
FNDA:1,(anonymous_105)
FNDA:1,(anonymous_106)
FNDA:1,(anonymous_107)
FNDA:1,(anonymous_108)
FNDA:1,(anonymous_109)
FNDA:1,(anonymous_110)
FNDA:1,(anonymous_111)
FNDA:1,(anonymous_112)
FNDA:1,(anonymous_113)
DA:17,1
DA:19,1
DA:20,1
DA:26,1
DA:28,1
DA:51,8
DA:53,8
DA:54,0
DA:56,8
DA:89,1
DA:90,9
DA:91,9
DA:92,9
DA:93,9
DA:94,9
DA:95,3
DA:97,6
DA:105,6
DA:108,6
DA:111,6
DA:127,6
DA:161,1
DA:162,5
DA:163,5
DA:164,5
DA:176,5
DA:190,5
DA:206,1
DA:207,5
DA:208,5
DA:209,5
DA:210,5
DA:211,5
DA:212,3
DA:214,2
DA:217,2
DA:229,2
DA:251,1
DA:252,5
DA:253,5
DA:254,5
DA:255,5
DA:256,5
DA:257,3
DA:259,2
DA:263,2
DA:266,2
DA:279,2
DA:301,1
DA:302,7
DA:303,7
DA:304,7
DA:311,7
DA:323,7
DA:361,1
DA:362,5
DA:363,5
DA:364,5
DA:365,5
DA:366,5
DA:367,3
DA:369,2
DA:381,2
DA:384,2
DA:387,2
DA:403,2
DA:430,1
DA:431,5
DA:432,5
DA:433,5
DA:434,5
DA:435,5
DA:436,3
DA:438,2
DA:443,2
DA:446,2
DA:461,2
DA:478,1
DA:479,5
DA:480,5
DA:481,5
DA:482,5
DA:483,5
DA:484,3
DA:486,2
DA:490,2
DA:502,2
DA:525,1
DA:526,5
DA:527,5
DA:528,5
DA:529,5
DA:530,5
DA:531,3
DA:533,2
DA:537,2
DA:541,2
DA:554,2
DA:581,1
DA:582,6
DA:583,6
DA:584,6
DA:585,6
DA:586,6
DA:587,3
DA:589,3
DA:597,3
DA:600,3
DA:613,3
DA:638,1
DA:639,5
DA:640,5
DA:641,5
DA:642,5
DA:643,5
DA:644,3
DA:646,2
DA:651,2
DA:655,2
DA:670,2
DA:697,1
DA:698,8
DA:699,8
DA:700,8
DA:701,8
DA:702,8
DA:703,6
DA:705,2
DA:709,2
DA:713,2
DA:728,2
DA:746,1
DA:747,8
DA:748,8
DA:749,8
DA:750,8
DA:751,8
DA:752,6
DA:754,2
DA:759,2
DA:771,2
DA:791,1
DA:792,8
DA:793,8
DA:794,8
DA:795,8
DA:796,8
DA:797,6
DA:799,2
DA:802,2
DA:807,2
DA:820,2
DA:844,1
DA:845,6
DA:846,6
DA:847,6
DA:848,6
DA:849,6
DA:850,3
DA:852,3
DA:859,3
DA:863,3
DA:876,3
DA:900,1
DA:901,5
DA:902,5
DA:903,5
DA:904,5
DA:905,5
DA:906,3
DA:908,2
DA:912,2
DA:917,2
DA:932,2
DA:957,1
DA:958,8
DA:959,8
DA:960,8
DA:961,8
DA:962,8
DA:963,5
DA:965,3
DA:968,3
DA:971,3
DA:986,3
DA:1003,1
DA:1004,7
DA:1005,7
DA:1006,7
DA:1007,7
DA:1008,7
DA:1009,5
DA:1011,2
DA:1015,2
DA:1027,2
DA:1046,1
DA:1047,7
DA:1048,7
DA:1049,7
DA:1050,7
DA:1051,7
DA:1052,5
DA:1054,2
DA:1057,2
DA:1061,2
DA:1074,2
DA:1097,1
DA:1098,6
DA:1099,6
DA:1100,6
DA:1101,6
DA:1102,6
DA:1103,3
DA:1105,3
DA:1112,3
DA:1115,3
DA:1128,3
DA:1146,1
DA:1147,7
DA:1148,7
DA:1149,7
DA:1150,7
DA:1151,7
DA:1152,5
DA:1154,2
DA:1157,2
DA:1161,2
DA:1176,2
DA:1205,1
DA:1206,7
DA:1207,7
DA:1208,7
DA:1209,7
DA:1210,7
DA:1211,5
DA:1213,2
DA:1220,2
DA:1223,2
DA:1238,2
DA:1255,1
DA:1256,7
DA:1257,7
DA:1258,7
DA:1259,7
DA:1260,7
DA:1261,5
DA:1263,2
DA:1267,2
DA:1279,2
DA:1302,1
DA:1303,7
DA:1304,7
DA:1305,7
DA:1306,7
DA:1307,7
DA:1308,5
DA:1310,2
DA:1314,2
DA:1318,2
DA:1331,2
DA:1358,1
DA:1359,6
DA:1360,6
DA:1361,6
DA:1362,6
DA:1363,6
DA:1364,3
DA:1366,3
DA:1374,3
DA:1377,3
DA:1390,3
DA:1418,1
DA:1419,7
DA:1420,7
DA:1421,7
DA:1422,7
DA:1423,7
DA:1424,5
DA:1426,2
DA:1433,2
DA:1437,2
DA:1452,2
DA:1479,1
DA:1480,6
DA:1481,6
DA:1482,6
DA:1483,6
DA:1484,6
DA:1485,4
DA:1487,2
DA:1491,2
DA:1495,2
DA:1508,2
DA:1546,1
DA:1547,5
DA:1548,5
DA:1549,5
DA:1550,5
DA:1551,5
DA:1552,3
DA:1554,2
DA:1561,2
DA:1565,2
DA:1580,2
DA:1598,1
DA:1599,5
DA:1600,5
DA:1601,5
DA:1602,5
DA:1603,5
DA:1604,3
DA:1606,2
DA:1611,2
DA:1623,2
DA:1646,1
DA:1647,5
DA:1648,5
DA:1649,5
DA:1650,5
DA:1651,5
DA:1652,3
DA:1654,2
DA:1658,2
DA:1663,2
DA:1676,2
DA:1703,1
DA:1704,6
DA:1705,6
DA:1706,6
DA:1707,6
DA:1708,6
DA:1709,3
DA:1711,3
DA:1719,3
DA:1723,3
DA:1736,3
DA:1772,1
DA:1773,5
DA:1774,5
DA:1775,5
DA:1776,5
DA:1777,5
DA:1778,3
DA:1780,2
DA:1787,2
DA:1792,2
DA:1807,2
DA:1833,1
DA:1834,5
DA:1835,5
DA:1836,5
DA:1837,5
DA:1838,5
DA:1839,3
DA:1841,2
DA:1844,2
DA:1849,2
DA:1864,2
DA:1883,1
DA:1884,5
DA:1885,5
DA:1886,5
DA:1887,5
DA:1888,5
DA:1889,3
DA:1891,2
DA:1897,2
DA:1909,2
DA:1930,1
DA:1931,5
DA:1932,5
DA:1933,5
DA:1934,5
DA:1935,5
DA:1936,3
DA:1938,2
DA:1941,2
DA:1947,2
DA:1960,2
DA:1985,1
DA:1986,6
DA:1987,6
DA:1988,6
DA:1989,6
DA:1990,6
DA:1991,3
DA:1993,3
DA:2000,3
DA:2005,3
DA:2018,3
DA:2042,1
DA:2043,5
DA:2044,5
DA:2045,5
DA:2046,5
DA:2047,5
DA:2048,3
DA:2050,2
DA:2053,2
DA:2059,2
DA:2074,2
DA:2124,1
DA:2125,7
DA:2126,7
DA:2127,7
DA:2128,7
DA:2129,7
DA:2130,5
DA:2132,2
DA:2152,2
DA:2155,2
DA:2170,2
DA:2187,1
DA:2188,7
DA:2189,7
DA:2190,7
DA:2191,7
DA:2192,7
DA:2193,5
DA:2195,2
DA:2199,2
DA:2211,2
DA:2230,1
DA:2231,7
DA:2232,7
DA:2233,7
DA:2234,7
DA:2235,7
DA:2236,5
DA:2238,2
DA:2241,2
DA:2245,2
DA:2258,2
DA:2281,1
DA:2282,6
DA:2283,6
DA:2284,6
DA:2285,6
DA:2286,6
DA:2287,3
DA:2289,3
DA:2296,3
DA:2299,3
DA:2312,3
DA:2360,1
DA:2361,8
DA:2362,8
DA:2363,8
DA:2364,8
DA:2365,8
DA:2366,6
DA:2368,2
DA:2388,2
DA:2392,2
DA:2407,2
DA:2435,1
DA:2436,4
DA:2437,4
DA:2438,4
DA:2439,4
DA:2440,4
DA:2441,3
DA:2443,1
DA:2449,1
DA:2461,1
DA:2485,1
DA:2486,5
DA:2487,5
DA:2488,5
DA:2489,5
DA:2490,5
DA:2491,3
DA:2493,2
DA:2499,2
DA:2502,2
DA:2515,2
DA:2538,1
DA:2539,0
DA:2540,0
DA:2541,0
DA:2542,0
DA:2543,0
DA:2544,0
DA:2546,0
DA:2549,0
DA:2561,0
DA:2564,1
DA:2566,1
DA:2567,1
DA:2573,1
DA:3013,1
DA:3015,1
DA:3016,1
DA:3017,1
DA:3090,1
DA:3092,1
DA:3093,1
DA:3094,1
DA:3219,1
DA:3221,1
DA:3222,1
DA:3223,1
DA:3224,1
DA:3225,1
DA:3226,1
DA:3227,1
DA:3230,1
DA:3231,1
DA:3232,1
DA:3233,1
DA:3234,1
DA:3235,1
DA:3236,1
DA:3237,1
DA:3238,1
DA:3239,1
DA:3242,1
DA:3243,1
DA:3244,1
DA:3245,1
DA:3248,1
DA:3249,1
DA:3250,1
DA:3251,1
DA:3254,1
DA:3255,1
DA:3256,1
DA:3257,1
DA:3344,1
DA:3346,1
DA:3347,1
DA:3348,1
DA:3349,1
DA:3350,1
DA:3351,1
DA:3352,1
DA:3355,1
DA:3356,1
DA:3357,1
DA:3358,1
DA:3359,1
DA:3360,1
DA:3361,1
DA:3362,1
DA:3363,1
DA:3364,1
DA:3367,1
DA:3368,1
DA:3369,1
DA:3370,1
DA:3373,1
DA:3374,1
DA:3375,1
DA:3376,1
DA:3379,1
DA:3380,1
DA:3381,1
DA:3382,1
DA:4187,1
LF:559
LH:549
BRDA:51,0,0,8
BRDA:51,0,1,8
BRDA:53,1,0,0
BRDA:53,1,1,8
BRDA:91,2,0,9
BRDA:91,2,1,0
BRDA:94,3,0,3
BRDA:94,3,1,6
BRDA:162,4,0,0
BRDA:162,4,1,5
BRDA:162,5,0,5
BRDA:162,5,1,0
BRDA:163,6,0,0
BRDA:163,6,1,5
BRDA:163,7,0,5
BRDA:163,7,1,0
BRDA:163,8,0,5
BRDA:163,8,1,0
BRDA:208,9,0,5
BRDA:208,9,1,0
BRDA:211,10,0,3
BRDA:211,10,1,2
BRDA:253,11,0,5
BRDA:253,11,1,0
BRDA:256,12,0,3
BRDA:256,12,1,2
BRDA:302,13,0,2
BRDA:302,13,1,5
BRDA:302,14,0,7
BRDA:302,14,1,2
BRDA:303,15,0,2
BRDA:303,15,1,5
BRDA:303,16,0,7
BRDA:303,16,1,2
BRDA:303,17,0,5
BRDA:303,17,1,0
BRDA:363,18,0,5
BRDA:363,18,1,0
BRDA:366,19,0,3
BRDA:366,19,1,2
BRDA:432,20,0,5
BRDA:432,20,1,0
BRDA:435,21,0,3
BRDA:435,21,1,2
BRDA:480,22,0,5
BRDA:480,22,1,0
BRDA:483,23,0,3
BRDA:483,23,1,2
BRDA:527,24,0,5
BRDA:527,24,1,0
BRDA:530,25,0,3
BRDA:530,25,1,2
BRDA:583,26,0,6
BRDA:583,26,1,0
BRDA:586,27,0,3
BRDA:586,27,1,3
BRDA:640,28,0,5
BRDA:640,28,1,0
BRDA:643,29,0,3
BRDA:643,29,1,2
BRDA:699,30,0,8
BRDA:699,30,1,0
BRDA:702,31,0,6
BRDA:702,31,1,2
BRDA:748,32,0,8
BRDA:748,32,1,0
BRDA:751,33,0,6
BRDA:751,33,1,2
BRDA:793,34,0,8
BRDA:793,34,1,0
BRDA:796,35,0,6
BRDA:796,35,1,2
BRDA:846,36,0,6
BRDA:846,36,1,0
BRDA:849,37,0,3
BRDA:849,37,1,3
BRDA:902,38,0,5
BRDA:902,38,1,0
BRDA:905,39,0,3
BRDA:905,39,1,2
BRDA:959,40,0,8
BRDA:959,40,1,0
BRDA:962,41,0,5
BRDA:962,41,1,3
BRDA:1005,42,0,7
BRDA:1005,42,1,0
BRDA:1008,43,0,5
BRDA:1008,43,1,2
BRDA:1048,44,0,7
BRDA:1048,44,1,0
BRDA:1051,45,0,5
BRDA:1051,45,1,2
BRDA:1099,46,0,6
BRDA:1099,46,1,0
BRDA:1102,47,0,3
BRDA:1102,47,1,3
BRDA:1148,48,0,7
BRDA:1148,48,1,0
BRDA:1151,49,0,5
BRDA:1151,49,1,2
BRDA:1207,50,0,7
BRDA:1207,50,1,0
BRDA:1210,51,0,5
BRDA:1210,51,1,2
BRDA:1257,52,0,7
BRDA:1257,52,1,0
BRDA:1260,53,0,5
BRDA:1260,53,1,2
BRDA:1304,54,0,7
BRDA:1304,54,1,0
BRDA:1307,55,0,5
BRDA:1307,55,1,2
BRDA:1360,56,0,6
BRDA:1360,56,1,0
BRDA:1363,57,0,3
BRDA:1363,57,1,3
BRDA:1420,58,0,7
BRDA:1420,58,1,0
BRDA:1423,59,0,5
BRDA:1423,59,1,2
BRDA:1481,60,0,6
BRDA:1481,60,1,0
BRDA:1484,61,0,4
BRDA:1484,61,1,2
BRDA:1548,62,0,5
BRDA:1548,62,1,0
BRDA:1551,63,0,3
BRDA:1551,63,1,2
BRDA:1600,64,0,5
BRDA:1600,64,1,0
BRDA:1603,65,0,3
BRDA:1603,65,1,2
BRDA:1648,66,0,5
BRDA:1648,66,1,0
BRDA:1651,67,0,3
BRDA:1651,67,1,2
BRDA:1705,68,0,6
BRDA:1705,68,1,0
BRDA:1708,69,0,3
BRDA:1708,69,1,3
BRDA:1774,70,0,5
BRDA:1774,70,1,0
BRDA:1777,71,0,3
BRDA:1777,71,1,2
BRDA:1835,72,0,5
BRDA:1835,72,1,0
BRDA:1838,73,0,3
BRDA:1838,73,1,2
BRDA:1885,74,0,5
BRDA:1885,74,1,0
BRDA:1888,75,0,3
BRDA:1888,75,1,2
BRDA:1932,76,0,5
BRDA:1932,76,1,0
BRDA:1935,77,0,3
BRDA:1935,77,1,2
BRDA:1987,78,0,6
BRDA:1987,78,1,0
BRDA:1990,79,0,3
BRDA:1990,79,1,3
BRDA:2044,80,0,5
BRDA:2044,80,1,0
BRDA:2047,81,0,3
BRDA:2047,81,1,2
BRDA:2126,82,0,7
BRDA:2126,82,1,0
BRDA:2129,83,0,5
BRDA:2129,83,1,2
BRDA:2189,84,0,7
BRDA:2189,84,1,0
BRDA:2192,85,0,5
BRDA:2192,85,1,2
BRDA:2232,86,0,7
BRDA:2232,86,1,0
BRDA:2235,87,0,5
BRDA:2235,87,1,2
BRDA:2283,88,0,6
BRDA:2283,88,1,0
BRDA:2286,89,0,3
BRDA:2286,89,1,3
BRDA:2362,90,0,8
BRDA:2362,90,1,0
BRDA:2365,91,0,6
BRDA:2365,91,1,2
BRDA:2437,92,0,4
BRDA:2437,92,1,0
BRDA:2440,93,0,3
BRDA:2440,93,1,1
BRDA:2487,94,0,5
BRDA:2487,94,1,0
BRDA:2490,95,0,3
BRDA:2490,95,1,2
BRDA:2540,96,0,0
BRDA:2540,96,1,0
BRDA:2543,97,0,0
BRDA:2543,97,1,0
BRDA:3015,98,0,1
BRDA:3015,98,1,1
BRDA:3013,99,0,1
BRDA:3013,99,1,1
BRDA:3092,100,0,1
BRDA:3092,100,1,1
BRDA:3090,101,0,1
BRDA:3090,101,1,1
BRDA:3221,102,0,1
BRDA:3221,102,1,1
BRDA:3230,103,0,1
BRDA:3230,103,1,1
BRDA:3242,104,0,1
BRDA:3242,104,1,1
BRDA:3248,105,0,1
BRDA:3248,105,1,1
BRDA:3254,106,0,1
BRDA:3254,106,1,1
BRDA:3219,107,0,1
BRDA:3219,107,1,1
BRDA:3346,108,0,1
BRDA:3346,108,1,1
BRDA:3355,109,0,1
BRDA:3355,109,1,1
BRDA:3367,110,0,1
BRDA:3367,110,1,1
BRDA:3373,111,0,1
BRDA:3373,111,1,1
BRDA:3379,112,0,1
BRDA:3379,112,1,1
BRDA:3344,113,0,1
BRDA:3344,113,1,1
BRDA:2573,114,0,1
BRDA:2573,114,1,0
BRF:230
BRH:176
end_of_record
TN:
SF:/home/travis/build/watson-developer-cloud/node-sdk/assistant/v2.ts
FN:26,(anonymous_5)
FN:50,AssistantV2
FN:79,(anonymous_7)
FN:81,(anonymous_8)
FN:122,(anonymous_9)
FN:124,(anonymous_10)
FN:173,(anonymous_11)
FN:175,(anonymous_12)
FNF:8
FNH:5
FNDA:1,(anonymous_5)
FNDA:2,AssistantV2
FNDA:5,(anonymous_7)
FNDA:0,(anonymous_8)
FNDA:7,(anonymous_9)
FNDA:0,(anonymous_10)
FNDA:8,(anonymous_11)
FNDA:0,(anonymous_12)
DA:17,1
DA:19,1
DA:20,1
DA:26,1
DA:28,1
DA:51,2
DA:53,2
DA:54,0
DA:56,2
DA:79,1
DA:80,5
DA:81,5
DA:82,5
DA:83,5
DA:84,5
DA:85,3
DA:87,2
DA:90,2
DA:103,2
DA:122,1
DA:123,7
DA:124,7
DA:125,7
DA:126,7
DA:127,7
DA:128,5
DA:130,2
DA:134,2
DA:146,2
DA:173,1
DA:174,8
DA:175,8
DA:176,8
DA:177,8
DA:178,8
DA:179,5
DA:181,3
DA:185,3
DA:189,3
DA:204,3
DA:207,1
DA:209,1
DA:210,1
DA:496,1
LF:44
LH:43
BRDA:51,0,0,2
BRDA:51,0,1,2
BRDA:53,1,0,0
BRDA:53,1,1,2
BRDA:81,2,0,5
BRDA:81,2,1,0
BRDA:84,3,0,3
BRDA:84,3,1,2
BRDA:124,4,0,7
BRDA:124,4,1,0
BRDA:127,5,0,5
BRDA:127,5,1,2
BRDA:175,6,0,8
BRDA:175,6,1,0
BRDA:178,7,0,5
BRDA:178,7,1,3
BRF:16
BRH:12
end_of_record
TN:
SF:/home/travis/build/watson-developer-cloud/node-sdk/authorization/v1.ts
FN:20,(anonymous_5)
FN:37,AuthorizationV1
FN:54,(anonymous_7)
FNF:3
FNH:3
FNDA:1,(anonymous_5)
FNDA:2,AuthorizationV1
FNDA:4,(anonymous_7)
DA:17,1
DA:18,1
DA:20,1
DA:21,1
DA:38,2
DA:39,2
DA:41,2
DA:42,2
DA:43,2
DA:54,1
DA:55,4
DA:56,2
DA:57,2
DA:61,4
DA:64,1
DA:68,3
DA:69,1
DA:70,1
DA:72,2
DA:79,2
DA:81,1
DA:83,1
DA:84,1
DA:86,1
LF:24
LH:24
BRDA:38,0,0,2
BRDA:38,0,1,2
BRDA:55,1,0,2
BRDA:55,1,1,2
BRDA:61,2,0,1
BRDA:61,2,1,3
BRDA:68,3,0,1
BRDA:68,3,1,2
BRF:8
BRH:8
end_of_record
TN:
SF:/home/travis/build/watson-developer-cloud/node-sdk/conversation/v1-generated.ts
FN:26,(anonymous_5)
FN:50,ConversationV1
FN:89,(anonymous_7)
FN:91,(anonymous_8)
FN:161,(anonymous_9)
FN:163,(anonymous_10)
FN:206,(anonymous_11)
FN:208,(anonymous_12)
FN:251,(anonymous_13)
FN:253,(anonymous_14)
FN:301,(anonymous_15)
FN:303,(anonymous_16)
FN:361,(anonymous_17)
FN:363,(anonymous_18)
FN:430,(anonymous_19)
FN:432,(anonymous_20)
FN:478,(anonymous_21)
FN:480,(anonymous_22)
FN:525,(anonymous_23)
FN:527,(anonymous_24)
FN:581,(anonymous_25)
FN:583,(anonymous_26)
FN:638,(anonymous_27)
FN:640,(anonymous_28)
FN:697,(anonymous_29)
FN:699,(anonymous_30)
FN:746,(anonymous_31)
FN:748,(anonymous_32)
FN:791,(anonymous_33)
FN:793,(anonymous_34)
FN:844,(anonymous_35)
FN:846,(anonymous_36)
FN:900,(anonymous_37)
FN:902,(anonymous_38)
FN:957,(anonymous_39)
FN:959,(anonymous_40)
FN:1003,(anonymous_41)
FN:1005,(anonymous_42)
FN:1046,(anonymous_43)
FN:1048,(anonymous_44)
FN:1097,(anonymous_45)
FN:1099,(anonymous_46)
FN:1146,(anonymous_47)
FN:1148,(anonymous_48)
FN:1205,(anonymous_49)
FN:1207,(anonymous_50)
FN:1255,(anonymous_51)
FN:1257,(anonymous_52)
FN:1302,(anonymous_53)
FN:1304,(anonymous_54)
FN:1358,(anonymous_55)
FN:1360,(anonymous_56)
FN:1418,(anonymous_57)
FN:1420,(anonymous_58)
FN:1479,(anonymous_59)
FN:1481,(anonymous_60)
FN:1546,(anonymous_61)
FN:1548,(anonymous_62)
FN:1598,(anonymous_63)
FN:1600,(anonymous_64)
FN:1646,(anonymous_65)
FN:1648,(anonymous_66)
FN:1703,(anonymous_67)
FN:1705,(anonymous_68)
FN:1772,(anonymous_69)
FN:1774,(anonymous_70)
FN:1833,(anonymous_71)
FN:1835,(anonymous_72)
FN:1883,(anonymous_73)
FN:1885,(anonymous_74)
FN:1930,(anonymous_75)
FN:1932,(anonymous_76)
FN:1985,(anonymous_77)
FN:1987,(anonymous_78)
FN:2042,(anonymous_79)
FN:2044,(anonymous_80)
FN:2124,(anonymous_81)
FN:2126,(anonymous_82)
FN:2187,(anonymous_83)
FN:2189,(anonymous_84)
FN:2230,(anonymous_85)
FN:2232,(anonymous_86)
FN:2281,(anonymous_87)
FN:2283,(anonymous_88)
FN:2360,(anonymous_89)
FN:2362,(anonymous_90)
FN:2435,(anonymous_91)
FN:2437,(anonymous_92)
FN:2485,(anonymous_93)
FN:2487,(anonymous_94)
FN:2538,(anonymous_95)
FN:2540,(anonymous_96)
FN:2573,(anonymous_97)
FN:3013,(anonymous_98)
FN:3015,(anonymous_99)
FN:3090,(anonymous_100)
FN:3092,(anonymous_101)
FN:3219,(anonymous_102)
FN:3221,(anonymous_103)
FN:3230,(anonymous_104)
FN:3242,(anonymous_105)
FN:3248,(anonymous_106)
FN:3254,(anonymous_107)
FN:3344,(anonymous_108)
FN:3346,(anonymous_109)
FN:3355,(anonymous_110)
FN:3367,(anonymous_111)
FN:3373,(anonymous_112)
FN:3379,(anonymous_113)
FNF:109
FNH:63
FNDA:1,(anonymous_5)
FNDA:12,ConversationV1
FNDA:20,(anonymous_7)
FNDA:0,(anonymous_8)
FNDA:6,(anonymous_9)
FNDA:0,(anonymous_10)
FNDA:6,(anonymous_11)
FNDA:0,(anonymous_12)
FNDA:6,(anonymous_13)
FNDA:0,(anonymous_14)
FNDA:10,(anonymous_15)
FNDA:0,(anonymous_16)
FNDA:6,(anonymous_17)
FNDA:0,(anonymous_18)
FNDA:6,(anonymous_19)
FNDA:0,(anonymous_20)
FNDA:6,(anonymous_21)
FNDA:0,(anonymous_22)
FNDA:6,(anonymous_23)
FNDA:0,(anonymous_24)
FNDA:14,(anonymous_25)
FNDA:0,(anonymous_26)
FNDA:4,(anonymous_27)
FNDA:0,(anonymous_28)
FNDA:9,(anonymous_29)
FNDA:0,(anonymous_30)
FNDA:9,(anonymous_31)
FNDA:0,(anonymous_32)
FNDA:9,(anonymous_33)
FNDA:0,(anonymous_34)
FNDA:12,(anonymous_35)
FNDA:0,(anonymous_36)
FNDA:4,(anonymous_37)
FNDA:0,(anonymous_38)
FNDA:14,(anonymous_39)
FNDA:0,(anonymous_40)
FNDA:14,(anonymous_41)
FNDA:0,(anonymous_42)
FNDA:14,(anonymous_43)
FNDA:0,(anonymous_44)
FNDA:12,(anonymous_45)
FNDA:0,(anonymous_46)
FNDA:10,(anonymous_47)
FNDA:0,(anonymous_48)
FNDA:8,(anonymous_49)
FNDA:0,(anonymous_50)
FNDA:8,(anonymous_51)
FNDA:0,(anonymous_52)
FNDA:8,(anonymous_53)
FNDA:0,(anonymous_54)
FNDA:12,(anonymous_55)
FNDA:0,(anonymous_56)
FNDA:6,(anonymous_57)
FNDA:0,(anonymous_58)
FNDA:6,(anonymous_59)
FNDA:0,(anonymous_60)
FNDA:6,(anonymous_61)
FNDA:0,(anonymous_62)
FNDA:6,(anonymous_63)
FNDA:0,(anonymous_64)
FNDA:6,(anonymous_65)
FNDA:0,(anonymous_66)
FNDA:12,(anonymous_67)
FNDA:0,(anonymous_68)
FNDA:4,(anonymous_69)
FNDA:0,(anonymous_70)
FNDA:6,(anonymous_71)
FNDA:0,(anonymous_72)
FNDA:6,(anonymous_73)
FNDA:0,(anonymous_74)
FNDA:6,(anonymous_75)
FNDA:0,(anonymous_76)
FNDA:12,(anonymous_77)
FNDA:0,(anonymous_78)
FNDA:6,(anonymous_79)
FNDA:0,(anonymous_80)
FNDA:8,(anonymous_81)
FNDA:0,(anonymous_82)
FNDA:8,(anonymous_83)
FNDA:0,(anonymous_84)
FNDA:8,(anonymous_85)
FNDA:0,(anonymous_86)
FNDA:12,(anonymous_87)
FNDA:0,(anonymous_88)
FNDA:8,(anonymous_89)
FNDA:0,(anonymous_90)
FNDA:4,(anonymous_91)
FNDA:0,(anonymous_92)
FNDA:10,(anonymous_93)
FNDA:0,(anonymous_94)
FNDA:0,(anonymous_95)
FNDA:0,(anonymous_96)
FNDA:1,(anonymous_97)
FNDA:1,(anonymous_98)
FNDA:1,(anonymous_99)
FNDA:1,(anonymous_100)
FNDA:1,(anonymous_101)
FNDA:1,(anonymous_102)
FNDA:1,(anonymous_103)
FNDA:1,(anonymous_104)
FNDA:1,(anonymous_105)
FNDA:1,(anonymous_106)
FNDA:1,(anonymous_107)
FNDA:1,(anonymous_108)
FNDA:1,(anonymous_109)
FNDA:1,(anonymous_110)
FNDA:1,(anonymous_111)
FNDA:1,(anonymous_112)
FNDA:1,(anonymous_113)
DA:17,1
DA:19,1
DA:20,1
DA:26,1
DA:28,1
DA:51,12
DA:53,12
DA:54,0
DA:56,12
DA:89,1
DA:90,20
DA:91,20
DA:92,20
DA:93,20
DA:94,20
DA:95,7
DA:97,13
DA:105,13
DA:108,13
DA:111,13
DA:127,13
DA:161,1
DA:162,6
DA:163,6
DA:164,6
DA:176,6
DA:190,6
DA:206,1
DA:207,6
DA:208,6
DA:209,6
DA:210,6
DA:211,6
DA:212,3
DA:214,3
DA:217,3
DA:229,3
DA:251,1
DA:252,6
DA:253,6
DA:254,6
DA:255,6
DA:256,6
DA:257,3
DA:259,3
DA:263,3
DA:266,3
DA:279,3
DA:301,1
DA:302,10
DA:303,10
DA:304,10
DA:311,10
DA:323,10
DA:361,1
DA:362,6
DA:363,6
DA:364,6
DA:365,6
DA:366,6
DA:367,3
DA:369,3
DA:381,3
DA:384,3
DA:387,3
DA:403,3
DA:430,1
DA:431,6
DA:432,6
DA:433,6
DA:434,6
DA:435,6
DA:436,3
DA:438,3
DA:443,3
DA:446,3
DA:461,3
DA:478,1
DA:479,6
DA:480,6
DA:481,6
DA:482,6
DA:483,6
DA:484,3
DA:486,3
DA:490,3
DA:502,3
DA:525,1
DA:526,6
DA:527,6
DA:528,6
DA:529,6
DA:530,6
DA:531,3
DA:533,3
DA:537,3
DA:541,3
DA:554,3
DA:581,1
DA:582,14
DA:583,14
DA:584,14
DA:585,14
DA:586,14
DA:587,6
DA:589,8
DA:597,8
DA:600,8
DA:613,8
DA:638,1
DA:639,4
DA:640,4
DA:641,4
DA:642,4
DA:643,4
DA:644,0
DA:646,4
DA:651,4
DA:655,4
DA:670,4
DA:697,1
DA:698,9
DA:699,9
DA:700,9
DA:701,9
DA:702,9
DA:703,6
DA:705,3
DA:709,3
DA:713,3
DA:728,3
DA:746,1
DA:747,9
DA:748,9
DA:749,9
DA:750,9
DA:751,9
DA:752,6
DA:754,3
DA:759,3
DA:771,3
DA:791,1
DA:792,9
DA:793,9
DA:794,9
DA:795,9
DA:796,9
DA:797,6
DA:799,3
DA:802,3
DA:807,3
DA:820,3
DA:844,1
DA:845,12
DA:846,12
DA:847,12
DA:848,12
DA:849,12
DA:850,6
DA:852,6
DA:859,6
DA:863,6
DA:876,6
DA:900,1
DA:901,4
DA:902,4
DA:903,4
DA:904,4
DA:905,4
DA:906,0
DA:908,4
DA:912,4
DA:917,4
DA:932,4
DA:957,1
DA:958,14
DA:959,14
DA:960,14
DA:961,14
DA:962,14
DA:963,10
DA:965,4
DA:968,4
DA:971,4
DA:986,4
DA:1003,1
DA:1004,14
DA:1005,14
DA:1006,14
DA:1007,14
DA:1008,14
DA:1009,10
DA:1011,4
DA:1015,4
DA:1027,4
DA:1046,1
DA:1047,14
DA:1048,14
DA:1049,14
DA:1050,14
DA:1051,14
DA:1052,10
DA:1054,4
DA:1057,4
DA:1061,4
DA:1074,4
DA:1097,1
DA:1098,12
DA:1099,12
DA:1100,12
DA:1101,12
DA:1102,12
DA:1103,6
DA:1105,6
DA:1112,6
DA:1115,6
DA:1128,6
DA:1146,1
DA:1147,10
DA:1148,10
DA:1149,10
DA:1150,10
DA:1151,10
DA:1152,6
DA:1154,4
DA:1157,4
DA:1161,4
DA:1176,4
DA:1205,1
DA:1206,8
DA:1207,8
DA:1208,8
DA:1209,8
DA:1210,8
DA:1211,5
DA:1213,3
DA:1220,3
DA:1223,3
DA:1238,3
DA:1255,1
DA:1256,8
DA:1257,8
DA:1258,8
DA:1259,8
DA:1260,8
DA:1261,5
DA:1263,3
DA:1267,3
DA:1279,3
DA:1302,1
DA:1303,8
DA:1304,8
DA:1305,8
DA:1306,8
DA:1307,8
DA:1308,5
DA:1310,3
DA:1314,3
DA:1318,3
DA:1331,3
DA:1358,1
DA:1359,12
DA:1360,12
DA:1361,12
DA:1362,12
DA:1363,12
DA:1364,6
DA:1366,6
DA:1374,6
DA:1377,6
DA:1390,6
DA:1418,1
DA:1419,6
DA:1420,6
DA:1421,6
DA:1422,6
DA:1423,6
DA:1424,2
DA:1426,4
DA:1433,4
DA:1437,4
DA:1452,4
DA:1479,1
DA:1480,6
DA:1481,6
DA:1482,6
DA:1483,6
DA:1484,6
DA:1485,4
DA:1487,2
DA:1491,2
DA:1495,2
DA:1508,2
DA:1546,1
DA:1547,6
DA:1548,6
DA:1549,6
DA:1550,6
DA:1551,6
DA:1552,3
DA:1554,3
DA:1561,3
DA:1565,3
DA:1580,3
DA:1598,1
DA:1599,6
DA:1600,6
DA:1601,6
DA:1602,6
DA:1603,6
DA:1604,3
DA:1606,3
DA:1611,3
DA:1623,3
DA:1646,1
DA:1647,6
DA:1648,6
DA:1649,6
DA:1650,6
DA:1651,6
DA:1652,3
DA:1654,3
DA:1658,3
DA:1663,3
DA:1676,3
DA:1703,1
DA:1704,12
DA:1705,12
DA:1706,12
DA:1707,12
DA:1708,12
DA:1709,6
DA:1711,6
DA:1719,6
DA:1723,6
DA:1736,6
DA:1772,1
DA:1773,4
DA:1774,4
DA:1775,4
DA:1776,4
DA:1777,4
DA:1778,0
DA:1780,4
DA:1787,4
DA:1792,4
DA:1807,4
DA:1833,1
DA:1834,6
DA:1835,6
DA:1836,6
DA:1837,6
DA:1838,6
DA:1839,3
DA:1841,3
DA:1844,3
DA:1849,3
DA:1864,3
DA:1883,1
DA:1884,6
DA:1885,6
DA:1886,6
DA:1887,6
DA:1888,6
DA:1889,3
DA:1891,3
DA:1897,3
DA:1909,3
DA:1930,1
DA:1931,6
DA:1932,6
DA:1933,6
DA:1934,6
DA:1935,6
DA:1936,3
DA:1938,3
DA:1941,3
DA:1947,3
DA:1960,3
DA:1985,1
DA:1986,12
DA:1987,12
DA:1988,12
DA:1989,12
DA:1990,12
DA:1991,6
DA:1993,6
DA:2000,6
DA:2005,6
DA:2018,6
DA:2042,1
DA:2043,6
DA:2044,6
DA:2045,6
DA:2046,6
DA:2047,6
DA:2048,2
DA:2050,4
DA:2053,4
DA:2059,4
DA:2074,4
DA:2124,1
DA:2125,8
DA:2126,8
DA:2127,8
DA:2128,8
DA:2129,8
DA:2130,5
DA:2132,3
DA:2152,3
DA:2155,3
DA:2170,3
DA:2187,1
DA:2188,8
DA:2189,8
DA:2190,8
DA:2191,8
DA:2192,8
DA:2193,5
DA:2195,3
DA:2199,3
DA:2211,3
DA:2230,1
DA:2231,8
DA:2232,8
DA:2233,8
DA:2234,8
DA:2235,8
DA:2236,5
DA:2238,3
DA:2241,3
DA:2245,3
DA:2258,3
DA:2281,1
DA:2282,12
DA:2283,12
DA:2284,12
DA:2285,12
DA:2286,12
DA:2287,6
DA:2289,6
DA:2296,6
DA:2299,6
DA:2312,6
DA:2360,1
DA:2361,8
DA:2362,8
DA:2363,8
DA:2364,8
DA:2365,8
DA:2366,4
DA:2368,4
DA:2388,4
DA:2392,4
DA:2407,4
DA:2435,1
DA:2436,4
DA:2437,4
DA:2438,4
DA:2439,4
DA:2440,4
DA:2441,3
DA:2443,1
DA:2449,1
DA:2461,1
DA:2485,1
DA:2486,10
DA:2487,10
DA:2488,10
DA:2489,10
DA:2490,10
DA:2491,6
DA:2493,4
DA:2499,4
DA:2502,4
DA:2515,4
DA:2538,1
DA:2539,0
DA:2540,0
DA:2541,0
DA:2542,0
DA:2543,0
DA:2544,0
DA:2546,0
DA:2549,0
DA:2561,0
DA:2564,1
DA:2566,1
DA:2567,1
DA:2573,1
DA:3013,1
DA:3015,1
DA:3016,1
DA:3017,1
DA:3090,1
DA:3092,1
DA:3093,1
DA:3094,1
DA:3219,1
DA:3221,1
DA:3222,1
DA:3223,1
DA:3224,1
DA:3225,1
DA:3226,1
DA:3227,1
DA:3230,1
DA:3231,1
DA:3232,1
DA:3233,1
DA:3234,1
DA:3235,1
DA:3236,1
DA:3237,1
DA:3238,1
DA:3239,1
DA:3242,1
DA:3243,1
DA:3244,1
DA:3245,1
DA:3248,1
DA:3249,1
DA:3250,1
DA:3251,1
DA:3254,1
DA:3255,1
DA:3256,1
DA:3257,1
DA:3344,1
DA:3346,1
DA:3347,1
DA:3348,1
DA:3349,1
DA:3350,1
DA:3351,1
DA:3352,1
DA:3355,1
DA:3356,1
DA:3357,1
DA:3358,1
DA:3359,1
DA:3360,1
DA:3361,1
DA:3362,1
DA:3363,1
DA:3364,1
DA:3367,1
DA:3368,1
DA:3369,1
DA:3370,1
DA:3373,1
DA:3374,1
DA:3375,1
DA:3376,1
DA:3379,1
DA:3380,1
DA:3381,1
DA:3382,1
DA:4187,1
LF:559
LH:546
BRDA:51,0,0,12
BRDA:51,0,1,12
BRDA:53,1,0,0
BRDA:53,1,1,12
BRDA:91,2,0,20
BRDA:91,2,1,0
BRDA:94,3,0,7
BRDA:94,3,1,13
BRDA:162,4,0,0
BRDA:162,4,1,6
BRDA:162,5,0,6
BRDA:162,5,1,0
BRDA:163,6,0,0
BRDA:163,6,1,6
BRDA:163,7,0,6
BRDA:163,7,1,0
BRDA:163,8,0,6
BRDA:163,8,1,0
BRDA:208,9,0,6
BRDA:208,9,1,0
BRDA:211,10,0,3
BRDA:211,10,1,3
BRDA:253,11,0,6
BRDA:253,11,1,0
BRDA:256,12,0,3
BRDA:256,12,1,3
BRDA:302,13,0,4
BRDA:302,13,1,6
BRDA:302,14,0,10
BRDA:302,14,1,4
BRDA:303,15,0,4
BRDA:303,15,1,6
BRDA:303,16,0,10
BRDA:303,16,1,4
BRDA:303,17,0,6
BRDA:303,17,1,0
BRDA:363,18,0,6
BRDA:363,18,1,0
BRDA:366,19,0,3
BRDA:366,19,1,3
BRDA:432,20,0,6
BRDA:432,20,1,0
BRDA:435,21,0,3
BRDA:435,21,1,3
BRDA:480,22,0,6
BRDA:480,22,1,0
BRDA:483,23,0,3
BRDA:483,23,1,3
BRDA:527,24,0,6
BRDA:527,24,1,0
BRDA:530,25,0,3
BRDA:530,25,1,3
BRDA:583,26,0,14
BRDA:583,26,1,0
BRDA:586,27,0,6
BRDA:586,27,1,8
BRDA:640,28,0,4
BRDA:640,28,1,0
BRDA:643,29,0,0
BRDA:643,29,1,4
BRDA:699,30,0,9
BRDA:699,30,1,0
BRDA:702,31,0,6
BRDA:702,31,1,3
BRDA:748,32,0,9
BRDA:748,32,1,0
BRDA:751,33,0,6
BRDA:751,33,1,3
BRDA:793,34,0,9
BRDA:793,34,1,0
BRDA:796,35,0,6
BRDA:796,35,1,3
BRDA:846,36,0,12
BRDA:846,36,1,0
BRDA:849,37,0,6
BRDA:849,37,1,6
BRDA:902,38,0,4
BRDA:902,38,1,0
BRDA:905,39,0,0
BRDA:905,39,1,4
BRDA:959,40,0,14
BRDA:959,40,1,0
BRDA:962,41,0,10
BRDA:962,41,1,4
BRDA:1005,42,0,14
BRDA:1005,42,1,0
BRDA:1008,43,0,10
BRDA:1008,43,1,4
BRDA:1048,44,0,14
BRDA:1048,44,1,0
BRDA:1051,45,0,10
BRDA:1051,45,1,4
BRDA:1099,46,0,12
BRDA:1099,46,1,0
BRDA:1102,47,0,6
BRDA:1102,47,1,6
BRDA:1148,48,0,10
BRDA:1148,48,1,0
BRDA:1151,49,0,6
BRDA:1151,49,1,4
BRDA:1207,50,0,8
BRDA:1207,50,1,0
BRDA:1210,51,0,5
BRDA:1210,51,1,3
BRDA:1257,52,0,8
BRDA:1257,52,1,0
BRDA:1260,53,0,5
BRDA:1260,53,1,3
BRDA:1304,54,0,8
BRDA:1304,54,1,0
BRDA:1307,55,0,5
BRDA:1307,55,1,3
BRDA:1360,56,0,12
BRDA:1360,56,1,0
BRDA:1363,57,0,6
BRDA:1363,57,1,6
BRDA:1420,58,0,6
BRDA:1420,58,1,0
BRDA:1423,59,0,2
BRDA:1423,59,1,4
BRDA:1481,60,0,6
BRDA:1481,60,1,0
BRDA:1484,61,0,4
BRDA:1484,61,1,2
BRDA:1548,62,0,6
BRDA:1548,62,1,0
BRDA:1551,63,0,3
BRDA:1551,63,1,3
BRDA:1600,64,0,6
BRDA:1600,64,1,0
BRDA:1603,65,0,3
BRDA:1603,65,1,3
BRDA:1648,66,0,6
BRDA:1648,66,1,0
BRDA:1651,67,0,3
BRDA:1651,67,1,3
BRDA:1705,68,0,12
BRDA:1705,68,1,0
BRDA:1708,69,0,6
BRDA:1708,69,1,6
BRDA:1774,70,0,4
BRDA:1774,70,1,0
BRDA:1777,71,0,0
BRDA:1777,71,1,4
BRDA:1835,72,0,6
BRDA:1835,72,1,0
BRDA:1838,73,0,3
BRDA:1838,73,1,3
BRDA:1885,74,0,6
BRDA:1885,74,1,0
BRDA:1888,75,0,3
BRDA:1888,75,1,3
BRDA:1932,76,0,6
BRDA:1932,76,1,0
BRDA:1935,77,0,3
BRDA:1935,77,1,3
BRDA:1987,78,0,12
BRDA:1987,78,1,0
BRDA:1990,79,0,6
BRDA:1990,79,1,6
BRDA:2044,80,0,6
BRDA:2044,80,1,0
BRDA:2047,81,0,2
BRDA:2047,81,1,4
BRDA:2126,82,0,8
BRDA:2126,82,1,0
BRDA:2129,83,0,5
BRDA:2129,83,1,3
BRDA:2189,84,0,8
BRDA:2189,84,1,0
BRDA:2192,85,0,5
BRDA:2192,85,1,3
BRDA:2232,86,0,8
BRDA:2232,86,1,0
BRDA:2235,87,0,5
BRDA:2235,87,1,3
BRDA:2283,88,0,12
BRDA:2283,88,1,0
BRDA:2286,89,0,6
BRDA:2286,89,1,6
BRDA:2362,90,0,8
BRDA:2362,90,1,0
BRDA:2365,91,0,4
BRDA:2365,91,1,4
BRDA:2437,92,0,4
BRDA:2437,92,1,0
BRDA:2440,93,0,3
BRDA:2440,93,1,1
BRDA:2487,94,0,10
BRDA:2487,94,1,0
BRDA:2490,95,0,6
BRDA:2490,95,1,4
BRDA:2540,96,0,0
BRDA:2540,96,1,0
BRDA:2543,97,0,0
BRDA:2543,97,1,0
BRDA:3015,98,0,1
BRDA:3015,98,1,1
BRDA:3013,99,0,1
BRDA:3013,99,1,1
BRDA:3092,100,0,1
BRDA:3092,100,1,1
BRDA:3090,101,0,1
BRDA:3090,101,1,1
BRDA:3221,102,0,1
BRDA:3221,102,1,1
BRDA:3230,103,0,1
BRDA:3230,103,1,1
BRDA:3242,104,0,1
BRDA:3242,104,1,1
BRDA:3248,105,0,1
BRDA:3248,105,1,1
BRDA:3254,106,0,1
BRDA:3254,106,1,1
BRDA:3219,107,0,1
BRDA:3219,107,1,1
BRDA:3346,108,0,1
BRDA:3346,108,1,1
BRDA:3355,109,0,1
BRDA:3355,109,1,1
BRDA:3367,110,0,1
BRDA:3367,110,1,1
BRDA:3373,111,0,1
BRDA:3373,111,1,1
BRDA:3379,112,0,1
BRDA:3379,112,1,1
BRDA:3344,113,0,1
BRDA:3344,113,1,1
BRDA:2573,114,0,1
BRDA:2573,114,1,0
BRF:230
BRH:173
end_of_record
TN:
SF:/home/travis/build/watson-developer-cloud/node-sdk/conversation/v1.ts
FN:21,(anonymous_5)
FN:36,ConversationV1
FN:43,(anonymous_7)
FN:47,(anonymous_8)
FN:52,(anonymous_9)
FN:76,(anonymous_10)
FN:81,(anonymous_11)
FN:97,(anonymous_12)
FN:102,(anonymous_13)
FN:106,(anonymous_14)
FN:110,(anonymous_15)
FN:114,(anonymous_16)
FN:130,(anonymous_17)
FN:135,(anonymous_18)
FN:163,(anonymous_19)
FN:168,(anonymous_20)
FN:196,(anonymous_21)
FN:201,(anonymous_22)
FN:223,(anonymous_23)
FN:228,(anonymous_24)
FN:236,(anonymous_25)
FN:241,(anonymous_26)
FNF:22
FNH:22
FNDA:1,(anonymous_5)
FNDA:12,ConversationV1
FNDA:1,(anonymous_7)
FNDA:8,(anonymous_8)
FNDA:10,(anonymous_9)
FNDA:6,(anonymous_10)
FNDA:10,(anonymous_11)
FNDA:6,(anonymous_12)
FNDA:7,(anonymous_13)
FNDA:6,(anonymous_14)
FNDA:7,(anonymous_15)
FNDA:7,(anonymous_16)
FNDA:6,(anonymous_17)
FNDA:14,(anonymous_18)
FNDA:6,(anonymous_19)
FNDA:10,(anonymous_20)
FNDA:6,(anonymous_21)
FNDA:10,(anonymous_22)
FNDA:5,(anonymous_23)
FNDA:8,(anonymous_24)
FNDA:6,(anonymous_25)
FNDA:16,(anonymous_26)
DA:17,1
DA:18,1
DA:19,1
DA:21,1
DA:22,1
DA:24,1
DA:26,1
DA:28,1
DA:30,1
DA:32,1
DA:36,12
DA:38,12
DA:39,12
DA:40,12
DA:43,1
DA:44,1
DA:47,1
DA:48,8
DA:49,8
DA:52,1
DA:53,10
DA:60,2
DA:63,8
DA:64,8
DA:65,8
DA:67,2
DA:68,2
DA:69,2
DA:70,2
DA:71,2
DA:73,2
DA:76,1
DA:77,6
DA:78,6
DA:81,1
DA:82,10
DA:83,2
DA:86,8
DA:87,8
DA:88,8
DA:90,2
DA:91,2
DA:92,2
DA:94,2
DA:97,1
DA:98,6
DA:99,6
DA:102,1
DA:103,7
DA:106,1
DA:107,6
DA:110,1
DA:111,7
DA:114,1
DA:115,7
DA:116,2
DA:119,5
DA:120,5
DA:121,5
DA:123,1
DA:124,1
DA:125,1
DA:127,1
DA:130,1
DA:131,6
DA:132,6
DA:135,1
DA:136,14
DA:145,4
DA:148,10
DA:149,10
DA:150,10
DA:152,2
DA:153,2
DA:154,2
DA:155,2
DA:156,2
DA:157,2
DA:158,2
DA:160,2
DA:163,1
DA:164,6
DA:165,6
DA:168,1
DA:169,10
DA:178,2
DA:181,8
DA:182,8
DA:183,8
DA:185,2
DA:186,2
DA:187,2
DA:188,2
DA:189,2
DA:190,2
DA:191,2
DA:193,2
DA:196,1
DA:197,6
DA:198,6
DA:201,1
DA:202,10
DA:203,4
DA:206,6
DA:213,6
DA:214,6
DA:216,2
DA:217,2
DA:218,2
DA:220,2
DA:223,1
DA:224,5
DA:225,5
DA:228,1
DA:229,8
DA:230,8
DA:231,0
DA:233,8
DA:236,1
DA:237,6
DA:238,6
DA:241,1
DA:242,16
DA:260,7
DA:263,9
DA:264,9
DA:265,9
DA:267,1
DA:268,1
DA:269,1
DA:270,1
DA:271,1
DA:272,1
DA:273,1
DA:274,1
DA:275,1
DA:276,1
DA:277,1
DA:278,1
DA:279,1
DA:280,1
DA:281,1
DA:282,1
DA:284,1
DA:286,1
DA:288,1
LF:146
LH:145
BRDA:39,0,0,12
BRDA:39,0,1,7
BRDA:40,1,0,12
BRDA:40,1,1,0
BRDA:53,2,0,2
BRDA:53,2,1,8
BRDA:54,3,0,10
BRDA:54,3,1,6
BRDA:54,3,2,5
BRDA:54,3,3,5
BRDA:54,3,4,5
BRDA:54,3,5,3
BRDA:65,4,0,6
BRDA:65,4,1,2
BRDA:82,5,0,2
BRDA:82,5,1,8
BRDA:82,6,0,10
BRDA:82,6,1,6
BRDA:82,6,2,5
BRDA:82,6,3,3
BRDA:88,7,0,6
BRDA:88,7,1,2
BRDA:115,8,0,2
BRDA:115,8,1,5
BRDA:115,9,0,7
BRDA:115,9,1,5
BRDA:115,9,2,5
BRDA:115,9,3,3
BRDA:121,10,0,4
BRDA:121,10,1,1
BRDA:136,11,0,4
BRDA:136,11,1,10
BRDA:137,12,0,14
BRDA:137,12,1,10
BRDA:137,12,2,9
BRDA:137,12,3,9
BRDA:137,12,4,9
BRDA:137,12,5,9
BRDA:137,12,6,9
BRDA:137,12,7,5
BRDA:150,13,0,8
BRDA:150,13,1,2
BRDA:169,14,0,2
BRDA:169,14,1,8
BRDA:170,15,0,10
BRDA:170,15,1,6
BRDA:170,15,2,5
BRDA:170,15,3,5
BRDA:170,15,4,5
BRDA:170,15,5,5
BRDA:170,15,6,5
BRDA:170,15,7,3
BRDA:183,16,0,6
BRDA:183,16,1,2
BRDA:202,17,0,4
BRDA:202,17,1,6
BRDA:202,18,0,10
BRDA:202,18,1,6
BRDA:202,18,2,5
BRDA:214,19,0,4
BRDA:214,19,1,2
BRDA:230,20,0,0
BRDA:230,20,1,8
BRDA:230,21,0,8
BRDA:230,21,1,6
BRDA:230,21,2,0
BRDA:242,22,0,7
BRDA:242,22,1,9
BRDA:243,23,0,16
BRDA:243,23,1,12
BRDA:243,23,2,7
BRDA:243,23,3,7
BRDA:243,23,4,7
BRDA:243,23,5,7
BRDA:243,23,6,7
BRDA:243,23,7,7
BRDA:243,23,8,7
BRDA:243,23,9,7
BRDA:243,23,10,7
BRDA:243,23,11,7
BRDA:243,23,12,7
BRDA:243,23,13,7
BRDA:243,23,14,7
BRDA:243,23,15,7
BRDA:243,23,16,3
BRDA:265,24,0,8
BRDA:265,24,1,1
BRF:87
BRH:84
end_of_record
TN:
SF:/home/travis/build/watson-developer-cloud/node-sdk/dialog/v1.ts
FN:25,(anonymous_5)
FN:43,DialogV1
FN:61,(anonymous_7)
FN:84,(anonymous_8)
FN:107,(anonymous_9)
FN:131,(anonymous_10)
FN:154,(anonymous_11)
FN:181,(anonymous_12)
FN:203,(anonymous_13)
FN:232,(anonymous_14)
FN:250,(anonymous_15)
FN:271,(anonymous_16)
FNF:12
FNH:12
FNDA:1,(anonymous_5)
FNDA:2,DialogV1
FNDA:7,(anonymous_7)
FNDA:8,(anonymous_8)
FNDA:7,(anonymous_9)
FNDA:7,(anonymous_10)
FNDA:4,(anonymous_11)
FNDA:5,(anonymous_12)
FNDA:6,(anonymous_13)
FNDA:2,(anonymous_14)
FNDA:4,(anonymous_15)
FNDA:6,(anonymous_16)
DA:17,1
DA:18,1
DA:19,1
DA:20,1
DA:22,1
DA:25,1
DA:26,1
DA:44,2
DA:45,2
DA:47,2
DA:61,1
DA:65,7
DA:66,7
DA:77,7
DA:84,1
DA:88,8
DA:89,8
DA:100,8
DA:107,1
DA:111,7
DA:112,7
DA:123,7
DA:131,1
DA:135,7
DA:136,7
DA:147,7
DA:154,1
DA:158,4
DA:159,4
DA:174,4
DA:181,1
DA:185,5
DA:186,5
DA:196,5
DA:203,1
DA:207,6
DA:208,6
DA:209,4
DA:210,4
DA:212,2
DA:213,0
DA:214,0
DA:216,2
DA:226,2
DA:232,1
DA:236,2
DA:244,2
DA:250,1
DA:254,4
DA:264,4
DA:271,1
DA:275,6
DA:276,6
DA:277,4
DA:278,4
DA:280,2
DA:281,0
DA:282,0
DA:284,2
DA:295,2
DA:297,1
DA:299,1
DA:300,1
DA:393,1
LF:64
LH:60
BRDA:44,0,0,2
BRDA:44,0,1,2
BRDA:45,1,0,2
BRDA:45,1,1,0
BRDA:65,2,0,7
BRDA:65,2,1,2
BRDA:88,3,0,8
BRDA:88,3,1,2
BRDA:111,4,0,7
BRDA:111,4,1,2
BRDA:135,5,0,7
BRDA:135,5,1,2
BRDA:158,6,0,4
BRDA:158,6,1,2
BRDA:185,7,0,5
BRDA:185,7,1,2
BRDA:207,8,0,6
BRDA:207,8,1,2
BRDA:208,9,0,4
BRDA:208,9,1,2
BRDA:212,10,0,0
BRDA:212,10,1,2
BRDA:275,11,0,6
BRDA:275,11,1,2
BRDA:276,12,0,4
BRDA:276,12,1,2
BRDA:280,13,0,0
BRDA:280,13,1,2
BRF:28
BRH:25
end_of_record
TN:
SF:/home/travis/build/watson-developer-cloud/node-sdk/discovery/v1-generated.ts
FN:27,(anonymous_5)
FN:51,DiscoveryV1
FN:80,(anonymous_7)
FN:82,(anonymous_8)
FN:119,(anonymous_9)
FN:121,(anonymous_10)
FN:155,(anonymous_11)
FN:157,(anonymous_12)
FN:193,(anonymous_13)
FN:195,(anonymous_14)
FN:227,(anonymous_15)
FN:229,(anonymous_16)
FN:272,(anonymous_17)
FN:274,(anonymous_18)
FN:335,(anonymous_19)
FN:337,(anonymous_20)
FN:387,(anonymous_21)
FN:389,(anonymous_22)
FN:425,(anonymous_23)
FN:427,(anonymous_24)
FN:465,(anonymous_25)
FN:467,(anonymous_26)
FN:521,(anonymous_27)
FN:523,(anonymous_28)
FN:596,(anonymous_29)
FN:598,(anonymous_30)
FN:661,(anonymous_31)
FN:663,(anonymous_32)
FN:706,(anonymous_33)
FN:708,(anonymous_34)
FN:744,(anonymous_35)
FN:746,(anonymous_36)
FN:784,(anonymous_37)
FN:786,(anonymous_38)
FN:824,(anonymous_39)
FN:826,(anonymous_40)
FN:868,(anonymous_41)
FN:870,(anonymous_42)
FN:934,(anonymous_43)
FN:936,(anonymous_44)
FN:980,(anonymous_45)
FN:982,(anonymous_46)
FN:1021,(anonymous_47)
FN:1023,(anonymous_48)
FN:1094,(anonymous_49)
FN:1096,(anonymous_50)
FN:1150,(anonymous_51)
FN:1152,(anonymous_52)
FN:1194,(anonymous_53)
FN:1196,(anonymous_54)
FN:1247,(anonymous_55)
FN:1249,(anonymous_56)
FN:1352,(anonymous_57)
FN:1354,(anonymous_58)
FN:1451,(anonymous_59)
FN:1453,(anonymous_60)
FN:1555,(anonymous_61)
FN:1557,(anonymous_62)
FN:1627,(anonymous_63)
FN:1629,(anonymous_64)
FN:1721,(anonymous_65)
FN:1723,(anonymous_66)
FN:1792,(anonymous_67)
FN:1794,(anonymous_68)
FN:1849,(anonymous_69)
FN:1851,(anonymous_70)
FN:1900,(anonymous_71)
FN:1902,(anonymous_72)
FN:1948,(anonymous_73)
FN:1950,(anonymous_74)
FN:1989,(anonymous_75)
FN:1991,(anonymous_76)
FN:2032,(anonymous_77)
FN:2034,(anonymous_78)
FN:2075,(anonymous_79)
FN:2077,(anonymous_80)
FN:2118,(anonymous_81)
FN:2120,(anonymous_82)
FN:2160,(anonymous_83)
FN:2162,(anonymous_84)
FN:2201,(anonymous_85)
FN:2203,(anonymous_86)
FN:2246,(anonymous_87)
FN:2248,(anonymous_88)
FN:2302,(anonymous_89)
FN:2304,(anonymous_90)
FN:2346,(anonymous_91)
FN:2348,(anonymous_92)
FN:2392,(anonymous_93)
FN:2394,(anonymous_94)
FN:2431,(anonymous_95)
FN:2433,(anonymous_96)
FN:2472,(anonymous_97)
FN:2474,(anonymous_98)
FN:2512,(anonymous_99)
FN:2514,(anonymous_100)
FN:2549,(anonymous_101)
FN:2551,(anonymous_102)
FN:2594,(anonymous_103)
FN:2596,(anonymous_104)
FN:2645,(anonymous_105)
FN:2647,(anonymous_106)
FN:2690,(anonymous_107)
FN:2692,(anonymous_108)
FN:2733,(anonymous_109)
FN:2735,(anonymous_110)
FN:2774,(anonymous_111)
FN:2776,(anonymous_112)
FN:2822,(anonymous_113)
FN:2824,(anonymous_114)
FN:2865,(anonymous_115)
FN:2902,(anonymous_116)
FN:2904,(anonymous_117)
FN:3047,(anonymous_118)
FN:3049,(anonymous_119)
FN:3058,(anonymous_120)
FN:3084,(anonymous_121)
FN:3086,(anonymous_122)
FN:3198,(anonymous_123)
FN:3200,(anonymous_124)
FN:3252,(anonymous_125)
FN:3254,(anonymous_126)
FN:3475,(anonymous_127)
FN:3477,(anonymous_128)
FN:3618,(anonymous_129)
FN:3620,(anonymous_130)
FN:3637,(anonymous_131)
FN:3639,(anonymous_132)
FN:3656,(anonymous_133)
FN:3658,(anonymous_134)
FN:3675,(anonymous_135)
FN:3677,(anonymous_136)
FN:3694,(anonymous_137)
FN:3696,(anonymous_138)
FN:3735,(anonymous_139)
FN:3737,(anonymous_140)
FN:3783,(anonymous_141)
FN:3785,(anonymous_142)
FNF:138
FNH:80
FNDA:1,(anonymous_5)
FNDA:5,DiscoveryV1
FNDA:9,(anonymous_7)
FNDA:0,(anonymous_8)
FNDA:3,(anonymous_9)
FNDA:0,(anonymous_10)
FNDA:4,(anonymous_11)
FNDA:0,(anonymous_12)
FNDA:4,(anonymous_13)
FNDA:0,(anonymous_14)
FNDA:3,(anonymous_15)
FNDA:0,(anonymous_16)
FNDA:3,(anonymous_17)
FNDA:0,(anonymous_18)
FNDA:3,(anonymous_19)
FNDA:0,(anonymous_20)
FNDA:3,(anonymous_21)
FNDA:0,(anonymous_22)
FNDA:4,(anonymous_23)
FNDA:0,(anonymous_24)
FNDA:4,(anonymous_25)
FNDA:0,(anonymous_26)
FNDA:3,(anonymous_27)
FNDA:0,(anonymous_28)
FNDA:3,(anonymous_29)
FNDA:0,(anonymous_30)
FNDA:3,(anonymous_31)
FNDA:0,(anonymous_32)
FNDA:3,(anonymous_33)
FNDA:0,(anonymous_34)
FNDA:3,(anonymous_35)
FNDA:0,(anonymous_36)
FNDA:3,(anonymous_37)
FNDA:0,(anonymous_38)
FNDA:4,(anonymous_39)
FNDA:0,(anonymous_40)
FNDA:3,(anonymous_41)
FNDA:0,(anonymous_42)
FNDA:0,(anonymous_43)
FNDA:0,(anonymous_44)
FNDA:0,(anonymous_45)
FNDA:0,(anonymous_46)
FNDA:0,(anonymous_47)
FNDA:0,(anonymous_48)
FNDA:9,(anonymous_49)
FNDA:0,(anonymous_50)
FNDA:7,(anonymous_51)
FNDA:0,(anonymous_52)
FNDA:3,(anonymous_53)
FNDA:0,(anonymous_54)
FNDA:3,(anonymous_55)
FNDA:0,(anonymous_56)
FNDA:3,(anonymous_57)
FNDA:0,(anonymous_58)
FNDA:4,(anonymous_59)
FNDA:0,(anonymous_60)
FNDA:6,(anonymous_61)
FNDA:0,(anonymous_62)
FNDA:33,(anonymous_63)
FNDA:0,(anonymous_64)
FNDA:3,(anonymous_65)
FNDA:0,(anonymous_66)
FNDA:18,(anonymous_67)
FNDA:0,(anonymous_68)
FNDA:3,(anonymous_69)
FNDA:0,(anonymous_70)
FNDA:3,(anonymous_71)
FNDA:0,(anonymous_72)
FNDA:3,(anonymous_73)
FNDA:0,(anonymous_74)
FNDA:3,(anonymous_75)
FNDA:0,(anonymous_76)
FNDA:3,(anonymous_77)
FNDA:0,(anonymous_78)
FNDA:3,(anonymous_79)
FNDA:0,(anonymous_80)
FNDA:3,(anonymous_81)
FNDA:0,(anonymous_82)
FNDA:3,(anonymous_83)
FNDA:0,(anonymous_84)
FNDA:3,(anonymous_85)
FNDA:0,(anonymous_86)
FNDA:3,(anonymous_87)
FNDA:0,(anonymous_88)
FNDA:0,(anonymous_89)
FNDA:0,(anonymous_90)
FNDA:4,(anonymous_91)
FNDA:0,(anonymous_92)
FNDA:4,(anonymous_93)
FNDA:0,(anonymous_94)
FNDA:4,(anonymous_95)
FNDA:0,(anonymous_96)
FNDA:4,(anonymous_97)
FNDA:0,(anonymous_98)
FNDA:4,(anonymous_99)
FNDA:0,(anonymous_100)
FNDA:4,(anonymous_101)
FNDA:0,(anonymous_102)
FNDA:4,(anonymous_103)
FNDA:0,(anonymous_104)
FNDA:3,(anonymous_105)
FNDA:0,(anonymous_106)
FNDA:3,(anonymous_107)
FNDA:0,(anonymous_108)
FNDA:3,(anonymous_109)
FNDA:0,(anonymous_110)
FNDA:3,(anonymous_111)
FNDA:0,(anonymous_112)
FNDA:3,(anonymous_113)
FNDA:0,(anonymous_114)
FNDA:1,(anonymous_115)
FNDA:1,(anonymous_116)
FNDA:1,(anonymous_117)
FNDA:1,(anonymous_118)
FNDA:1,(anonymous_119)
FNDA:1,(anonymous_120)
FNDA:1,(anonymous_121)
FNDA:1,(anonymous_122)
FNDA:1,(anonymous_123)
FNDA:1,(anonymous_124)
FNDA:1,(anonymous_125)
FNDA:1,(anonymous_126)
FNDA:1,(anonymous_127)
FNDA:1,(anonymous_128)
FNDA:1,(anonymous_129)
FNDA:1,(anonymous_130)
FNDA:1,(anonymous_131)
FNDA:1,(anonymous_132)
FNDA:1,(anonymous_133)
FNDA:1,(anonymous_134)
FNDA:1,(anonymous_135)
FNDA:1,(anonymous_136)
FNDA:1,(anonymous_137)
FNDA:1,(anonymous_138)
FNDA:1,(anonymous_139)
FNDA:1,(anonymous_140)
FNDA:1,(anonymous_141)
FNDA:1,(anonymous_142)
DA:17,1
DA:19,1
DA:20,1
DA:27,1
DA:29,1
DA:52,5
DA:54,5
DA:55,1
DA:57,4
DA:80,1
DA:81,9
DA:82,9
DA:83,9
DA:84,9
DA:85,9
DA:86,0
DA:88,9
DA:93,9
DA:107,9
DA:119,1
DA:120,3
DA:121,3
DA:122,3
DA:123,3
DA:124,3
DA:125,0
DA:127,3
DA:130,3
DA:143,3
DA:155,1
DA:156,4
DA:157,4
DA:158,4
DA:159,4
DA:160,4
DA:161,0
DA:163,4
DA:166,4
DA:179,4
DA:193,1
DA:194,4
DA:195,4
DA:196,4
DA:199,4
DA:212,4
DA:227,1
DA:228,3
DA:229,3
DA:230,3
DA:231,3
DA:232,3
DA:233,0
DA:235,3
DA:238,3
DA:241,3
DA:255,3
DA:272,1
DA:273,3
DA:274,3
DA:275,3
DA:276,3
DA:277,3
DA:278,0
DA:280,3
DA:284,3
DA:287,3
DA:302,3
DA:335,1
DA:336,3
DA:337,3
DA:338,3
DA:339,3
DA:340,3
DA:341,0
DA:343,3
DA:351,3
DA:354,3
DA:369,3
DA:387,1
DA:388,3
DA:389,3
DA:390,3
DA:391,3
DA:392,3
DA:393,0
DA:395,3
DA:399,3
DA:412,3
DA:425,1
DA:426,4
DA:427,4
DA:428,4
DA:429,4
DA:430,4
DA:431,0
DA:433,4
DA:437,4
DA:450,4
DA:465,1
DA:466,4
DA:467,4
DA:468,4
DA:469,4
DA:470,4
DA:471,0
DA:473,4
DA:476,4
DA:479,4
DA:493,4
DA:521,1
DA:522,3
DA:523,3
DA:524,3
DA:525,3
DA:526,3
DA:527,0
DA:529,3
DA:537,3
DA:541,3
DA:556,3
DA:596,1
DA:597,3
DA:598,3
DA:599,3
DA:600,3
DA:601,3
DA:602,0
DA:604,3
DA:605,0
DA:609,3
DA:618,3
DA:622,3
DA:625,3
DA:640,3
DA:661,1
DA:662,3
DA:663,3
DA:664,3
DA:665,3
DA:666,3
DA:667,0
DA:669,3
DA:675,3
DA:678,3
DA:693,3
DA:706,1
DA:707,3
DA:708,3
DA:709,3
DA:710,3
DA:711,3
DA:712,0
DA:714,3
DA:718,3
DA:731,3
DA:744,1
DA:745,3
DA:746,3
DA:747,3
DA:748,3
DA:749,3
DA:750,0
DA:752,3
DA:756,3
DA:769,3
DA:784,1
DA:785,3
DA:786,3
DA:787,3
DA:788,3
DA:789,3
DA:790,0
DA:792,3
DA:796,3
DA:809,3
DA:824,1
DA:825,4
DA:826,4
DA:827,4
DA:828,4
DA:829,4
DA:830,0
DA:832,4
DA:835,4
DA:838,4
DA:852,4
DA:868,1
DA:869,3
DA:870,3
DA:871,3
DA:872,3
DA:873,3
DA:874,0
DA:876,3
DA:881,3
DA:885,3
DA:900,3
DA:934,1
DA:935,0
DA:936,0
DA:937,0
DA:938,0
DA:939,0
DA:940,0
DA:942,0
DA:945,0
DA:949,0
DA:964,0
DA:980,1
DA:981,0
DA:982,0
DA:983,0
DA:984,0
DA:985,0
DA:986,0
DA:988,0
DA:992,0
DA:1005,0
DA:1021,1
DA:1022,0
DA:1023,0
DA:1024,0
DA:1025,0
DA:1026,0
DA:1027,0
DA:1029,0
DA:1033,0
DA:1046,0
DA:1094,1
DA:1095,9
DA:1096,9
DA:1097,9
DA:1098,9
DA:1099,9
DA:1100,0
DA:1102,9
DA:1103,8
DA:1107,9
DA:1115,9
DA:1119,9
DA:1133,9
DA:1150,1
DA:1151,7
DA:1152,7
DA:1153,7
DA:1154,7
DA:1155,7
DA:1156,0
DA:1158,7
DA:1163,7
DA:1176,7
DA:1194,1
DA:1195,3
DA:1196,3
DA:1197,3
DA:1198,3
DA:1199,3
DA:1200,0
DA:1202,3
DA:1207,3
DA:1220,3
DA:1247,1
DA:1248,3
DA:1249,3
DA:1250,3
DA:1251,3
DA:1252,3
DA:1253,0
DA:1255,3
DA:1256,3
DA:1260,3
DA:1268,3
DA:1273,3
DA:1287,3
DA:1352,1
DA:1353,3
DA:1354,3
DA:1355,3
DA:1356,3
DA:1357,3
DA:1358,0
DA:1360,3
DA:1381,3
DA:1384,3
DA:1398,3
DA:1451,1
DA:1452,4
DA:1453,4
DA:1454,4
DA:1455,4
DA:1456,4
DA:1457,0
DA:1459,4
DA:1475,4
DA:1478,4
DA:1492,4
DA:1555,1
DA:1556,6
DA:1557,6
DA:1558,6
DA:1559,6
DA:1560,6
DA:1561,0
DA:1563,6
DA:1583,6
DA:1587,6
DA:1602,6
DA:1627,1
DA:1628,33
DA:1629,33
DA:1630,33
DA:1631,33
DA:1632,33
DA:1633,30
DA:1635,3
DA:1642,3
DA:1646,3
DA:1661,3
DA:1721,1
DA:1722,3
DA:1723,3
DA:1724,3
DA:1725,3
DA:1726,3
DA:1727,0
DA:1729,3
DA:1748,3
DA:1752,3
DA:1766,3
DA:1792,1
DA:1793,18
DA:1794,18
DA:1795,18
DA:1796,18
DA:1797,18
DA:1798,15
DA:1800,3
DA:1808,3
DA:1812,3
DA:1827,3
DA:1849,1
DA:1850,3
DA:1851,3
DA:1852,3
DA:1853,3
DA:1854,3
DA:1855,0
DA:1857,3
DA:1862,3
DA:1866,3
DA:1881,3
DA:1900,1
DA:1901,3
DA:1902,3
DA:1903,3
DA:1904,3
DA:1905,3
DA:1906,0
DA:1908,3
DA:1913,3
DA:1918,3
DA:1933,3
DA:1948,1
DA:1949,3
DA:1950,3
DA:1951,3
DA:1952,3
DA:1953,3
DA:1954,0
DA:1956,3
DA:1960,3
DA:1973,3
DA:1989,1
DA:1990,3
DA:1991,3
DA:1992,3
DA:1993,3
DA:1994,3
DA:1995,0
DA:1997,3
DA:2002,3
DA:2015,3
DA:2032,1
DA:2033,3
DA:2034,3
DA:2035,3
DA:2036,3
DA:2037,3
DA:2038,0
DA:2040,3
DA:2046,3
DA:2059,3
DA:2075,1
DA:2076,3
DA:2077,3
DA:2078,3
DA:2079,3
DA:2080,3
DA:2081,0
DA:2083,3
DA:2088,3
DA:2101,3
DA:2118,1
DA:2119,3
DA:2120,3
DA:2121,3
DA:2122,3
DA:2123,3
DA:2124,0
DA:2126,3
DA:2132,3
DA:2145,3
DA:2160,1
DA:2161,3
DA:2162,3
DA:2163,3
DA:2164,3
DA:2165,3
DA:2166,0
DA:2168,3
DA:2172,3
DA:2185,3
DA:2201,1
DA:2202,3
DA:2203,3
DA:2204,3
DA:2205,3
DA:2206,3
DA:2207,0
DA:2209,3
DA:2214,3
DA:2227,3
DA:2246,1
DA:2247,3
DA:2248,3
DA:2249,3
DA:2250,3
DA:2251,3
DA:2252,0
DA:2254,3
DA:2258,3
DA:2264,3
DA:2279,3
DA:2302,1
DA:2303,0
DA:2304,0
DA:2305,0
DA:2306,0
DA:2307,0
DA:2308,0
DA:2310,0
DA:2313,0
DA:2326,0
DA:2346,1
DA:2347,4
DA:2348,4
DA:2349,4
DA:2350,4
DA:2351,4
DA:2352,0
DA:2354,4
DA:2358,4
DA:2372,4
DA:2392,1
DA:2393,4
DA:2394,4
DA:2395,4
DA:2400,4
DA:2413,4
DA:2431,1
DA:2432,4
DA:2433,4
DA:2434,4
DA:2439,4
DA:2452,4
DA:2472,1
DA:2473,4
DA:2474,4
DA:2475,4
DA:2480,4
DA:2493,4
DA:2512,1
DA:2513,4
DA:2514,4
DA:2515,4
DA:2520,4
DA:2533,4
DA:2549,1
DA:2550,4
DA:2551,4
DA:2552,4
DA:2555,4
DA:2568,4
DA:2594,1
DA:2595,4
DA:2596,4
DA:2597,4
DA:2604,4
DA:2617,4
DA:2645,1
DA:2646,3
DA:2647,3
DA:2648,3
DA:2649,3
DA:2650,3
DA:2651,0
DA:2653,3
DA:2657,3
DA:2660,3
DA:2675,3
DA:2690,1
DA:2691,3
DA:2692,3
DA:2693,3
DA:2694,3
DA:2695,3
DA:2696,0
DA:2698,3
DA:2702,3
DA:2715,3
DA:2733,1
DA:2734,3
DA:2735,3
DA:2736,3
DA:2737,3
DA:2738,3
DA:2739,0
DA:2741,3
DA:2745,3
DA:2758,3
DA:2774,1
DA:2775,3
DA:2776,3
DA:2777,3
DA:2778,3
DA:2779,3
DA:2780,0
DA:2782,3
DA:2785,3
DA:2798,3
DA:2822,1
DA:2823,3
DA:2824,3
DA:2825,3
DA:2826,3
DA:2827,3
DA:2828,0
DA:2830,3
DA:2834,3
DA:2838,3
DA:2853,3
DA:2856,1
DA:2858,1
DA:2859,1
DA:2865,1
DA:2902,1
DA:2904,1
DA:2905,1
DA:2906,1
DA:2907,1
DA:2908,1
DA:2909,1
DA:2910,1
DA:2911,1
DA:2912,1
DA:2913,1
DA:3047,1
DA:3049,1
DA:3050,1
DA:3051,1
DA:3052,1
DA:3053,1
DA:3054,1
DA:3055,1
DA:3058,1
DA:3059,1
DA:3060,1
DA:3061,1
DA:3062,1
DA:3063,1
DA:3064,1
DA:3084,1
DA:3086,1
DA:3087,1
DA:3088,1
DA:3089,1
DA:3090,1
DA:3091,1
DA:3092,1
DA:3093,1
DA:3094,1
DA:3095,1
DA:3096,1
DA:3198,1
DA:3200,1
DA:3201,1
DA:3202,1
DA:3203,1
DA:3204,1
DA:3205,1
DA:3206,1
DA:3252,1
DA:3254,1
DA:3255,1
DA:3256,1
DA:3257,1
DA:3258,1
DA:3259,1
DA:3260,1
DA:3475,1
DA:3477,1
DA:3478,1
DA:3479,1
DA:3618,1
DA:3620,1
DA:3621,1
DA:3637,1
DA:3639,1
DA:3640,1
DA:3656,1
DA:3658,1
DA:3659,1
DA:3675,1
DA:3677,1
DA:3678,1
DA:3694,1
DA:3696,1
DA:3697,1
DA:3735,1
DA:3737,1
DA:3738,1
DA:3739,1
DA:3740,1
DA:3783,1
DA:3785,1
DA:3786,1
DA:3787,1
DA:3788,1
DA:4858,1
LF:639
LH:560
BRDA:52,0,0,5
BRDA:52,0,1,5
BRDA:54,1,0,1
BRDA:54,1,1,4
BRDA:82,2,0,9
BRDA:82,2,1,0
BRDA:85,3,0,0
BRDA:85,3,1,9
BRDA:121,4,0,3
BRDA:121,4,1,0
BRDA:124,5,0,0
BRDA:124,5,1,3
BRDA:157,6,0,4
BRDA:157,6,1,0
BRDA:160,7,0,0
BRDA:160,7,1,4
BRDA:194,8,0,0
BRDA:194,8,1,4
BRDA:194,9,0,4
BRDA:194,9,1,0
BRDA:195,10,0,0
BRDA:195,10,1,4
BRDA:195,11,0,4
BRDA:195,11,1,0
BRDA:195,12,0,4
BRDA:195,12,1,0
BRDA:229,13,0,3
BRDA:229,13,1,0
BRDA:232,14,0,0
BRDA:232,14,1,3
BRDA:274,15,0,3
BRDA:274,15,1,0
BRDA:277,16,0,0
BRDA:277,16,1,3
BRDA:337,17,0,3
BRDA:337,17,1,0
BRDA:340,18,0,0
BRDA:340,18,1,3
BRDA:389,19,0,3
BRDA:389,19,1,0
BRDA:392,20,0,0
BRDA:392,20,1,3
BRDA:427,21,0,4
BRDA:427,21,1,0
BRDA:430,22,0,0
BRDA:430,22,1,4
BRDA:467,23,0,4
BRDA:467,23,1,0
BRDA:470,24,0,0
BRDA:470,24,1,4
BRDA:523,25,0,3
BRDA:523,25,1,0
BRDA:526,26,0,0
BRDA:526,26,1,3
BRDA:598,27,0,3
BRDA:598,27,1,0
BRDA:601,28,0,0
BRDA:601,28,1,3
BRDA:604,29,0,0
BRDA:604,29,1,3
BRDA:604,30,0,3
BRDA:604,30,1,0
BRDA:663,31,0,3
BRDA:663,31,1,0
BRDA:666,32,0,0
BRDA:666,32,1,3
BRDA:708,33,0,3
BRDA:708,33,1,0
BRDA:711,34,0,0
BRDA:711,34,1,3
BRDA:746,35,0,3
BRDA:746,35,1,0
BRDA:749,36,0,0
BRDA:749,36,1,3
BRDA:786,37,0,3
BRDA:786,37,1,0
BRDA:789,38,0,0
BRDA:789,38,1,3
BRDA:826,39,0,4
BRDA:826,39,1,0
BRDA:829,40,0,0
BRDA:829,40,1,4
BRDA:870,41,0,3
BRDA:870,41,1,0
BRDA:873,42,0,0
BRDA:873,42,1,3
BRDA:936,43,0,0
BRDA:936,43,1,0
BRDA:939,44,0,0
BRDA:939,44,1,0
BRDA:982,45,0,0
BRDA:982,45,1,0
BRDA:985,46,0,0
BRDA:985,46,1,0
BRDA:1023,47,0,0
BRDA:1023,47,1,0
BRDA:1026,48,0,0
BRDA:1026,48,1,0
BRDA:1096,49,0,9
BRDA:1096,49,1,0
BRDA:1099,50,0,0
BRDA:1099,50,1,9
BRDA:1102,51,0,8
BRDA:1102,51,1,1
BRDA:1102,52,0,9
BRDA:1102,52,1,9
BRDA:1152,53,0,7
BRDA:1152,53,1,0
BRDA:1155,54,0,0
BRDA:1155,54,1,7
BRDA:1196,55,0,3
BRDA:1196,55,1,0
BRDA:1199,56,0,0
BRDA:1199,56,1,3
BRDA:1249,57,0,3
BRDA:1249,57,1,0
BRDA:1252,58,0,0
BRDA:1252,58,1,3
BRDA:1255,59,0,3
BRDA:1255,59,1,0
BRDA:1255,60,0,3
BRDA:1255,60,1,3
BRDA:1354,61,0,3
BRDA:1354,61,1,0
BRDA:1357,62,0,0
BRDA:1357,62,1,3
BRDA:1453,63,0,4
BRDA:1453,63,1,0
BRDA:1456,64,0,0
BRDA:1456,64,1,4
BRDA:1557,65,0,6
BRDA:1557,65,1,0
BRDA:1560,66,0,0
BRDA:1560,66,1,6
BRDA:1629,67,0,33
BRDA:1629,67,1,0
BRDA:1632,68,0,30
BRDA:1632,68,1,3
BRDA:1723,69,0,3
BRDA:1723,69,1,0
BRDA:1726,70,0,0
BRDA:1726,70,1,3
BRDA:1794,71,0,18
BRDA:1794,71,1,0
BRDA:1797,72,0,15
BRDA:1797,72,1,3
BRDA:1851,73,0,3
BRDA:1851,73,1,0
BRDA:1854,74,0,0
BRDA:1854,74,1,3
BRDA:1902,75,0,3
BRDA:1902,75,1,0
BRDA:1905,76,0,0
BRDA:1905,76,1,3
BRDA:1950,77,0,3
BRDA:1950,77,1,0
BRDA:1953,78,0,0
BRDA:1953,78,1,3
BRDA:1991,79,0,3
BRDA:1991,79,1,0
BRDA:1994,80,0,0
BRDA:1994,80,1,3
BRDA:2034,81,0,3
BRDA:2034,81,1,0
BRDA:2037,82,0,0
BRDA:2037,82,1,3
BRDA:2077,83,0,3
BRDA:2077,83,1,0
BRDA:2080,84,0,0
BRDA:2080,84,1,3
BRDA:2120,85,0,3
BRDA:2120,85,1,0
BRDA:2123,86,0,0
BRDA:2123,86,1,3
BRDA:2162,87,0,3
BRDA:2162,87,1,0
BRDA:2165,88,0,0
BRDA:2165,88,1,3
BRDA:2203,89,0,3
BRDA:2203,89,1,0
BRDA:2206,90,0,0
BRDA:2206,90,1,3
BRDA:2248,91,0,3
BRDA:2248,91,1,0
BRDA:2251,92,0,0
BRDA:2251,92,1,3
BRDA:2304,93,0,0
BRDA:2304,93,1,0
BRDA:2307,94,0,0
BRDA:2307,94,1,0
BRDA:2348,95,0,4
BRDA:2348,95,1,0
BRDA:2351,96,0,0
BRDA:2351,96,1,4
BRDA:2393,97,0,4
BRDA:2393,97,1,0
BRDA:2393,98,0,4
BRDA:2393,98,1,4
BRDA:2394,99,0,4
BRDA:2394,99,1,0
BRDA:2394,100,0,4
BRDA:2394,100,1,4
BRDA:2394,101,0,0
BRDA:2394,101,1,0
BRDA:2432,102,0,4
BRDA:2432,102,1,0
BRDA:2432,103,0,4
BRDA:2432,103,1,4
BRDA:2433,104,0,4
BRDA:2433,104,1,0
BRDA:2433,105,0,4
BRDA:2433,105,1,4
BRDA:2433,106,0,0
BRDA:2433,106,1,0
BRDA:2473,107,0,4
BRDA:2473,107,1,0
BRDA:2473,108,0,4
BRDA:2473,108,1,4
BRDA:2474,109,0,4
BRDA:2474,109,1,0
BRDA:2474,110,0,4
BRDA:2474,110,1,4
BRDA:2474,111,0,0
BRDA:2474,111,1,0
BRDA:2513,112,0,4
BRDA:2513,112,1,0
BRDA:2513,113,0,4
BRDA:2513,113,1,4
BRDA:2514,114,0,4
BRDA:2514,114,1,0
BRDA:2514,115,0,4
BRDA:2514,115,1,4
BRDA:2514,116,0,0
BRDA:2514,116,1,0
BRDA:2550,117,0,3
BRDA:2550,117,1,1
BRDA:2550,118,0,4
BRDA:2550,118,1,3
BRDA:2551,119,0,3
BRDA:2551,119,1,1
BRDA:2551,120,0,4
BRDA:2551,120,1,3
BRDA:2551,121,0,1
BRDA:2551,121,1,0
BRDA:2595,122,0,3
BRDA:2595,122,1,1
BRDA:2595,123,0,4
BRDA:2595,123,1,3
BRDA:2596,124,0,3
BRDA:2596,124,1,1
BRDA:2596,125,0,4
BRDA:2596,125,1,3
BRDA:2596,126,0,1
BRDA:2596,126,1,0
BRDA:2647,127,0,3
BRDA:2647,127,1,0
BRDA:2650,128,0,0
BRDA:2650,128,1,3
BRDA:2692,129,0,3
BRDA:2692,129,1,0
BRDA:2695,130,0,0
BRDA:2695,130,1,3
BRDA:2735,131,0,3
BRDA:2735,131,1,0
BRDA:2738,132,0,0
BRDA:2738,132,1,3
BRDA:2776,133,0,3
BRDA:2776,133,1,0
BRDA:2779,134,0,0
BRDA:2779,134,1,3
BRDA:2824,135,0,3
BRDA:2824,135,1,0
BRDA:2827,136,0,0
BRDA:2827,136,1,3
BRDA:2904,137,0,1
BRDA:2904,137,1,1
BRDA:2902,138,0,1
BRDA:2902,138,1,1
BRDA:3049,139,0,1
BRDA:3049,139,1,1
BRDA:3058,140,0,1
BRDA:3058,140,1,1
BRDA:3047,141,0,1
BRDA:3047,141,1,1
BRDA:3086,142,0,1
BRDA:3086,142,1,1
BRDA:3084,143,0,1
BRDA:3084,143,1,1
BRDA:3200,144,0,1
BRDA:3200,144,1,1
BRDA:3198,145,0,1
BRDA:3198,145,1,1
BRDA:3254,146,0,1
BRDA:3254,146,1,1
BRDA:3252,147,0,1
BRDA:3252,147,1,1
BRDA:3477,148,0,1
BRDA:3477,148,1,1
BRDA:3475,149,0,1
BRDA:3475,149,1,1
BRDA:3620,150,0,1
BRDA:3620,150,1,1
BRDA:3618,151,0,1
BRDA:3618,151,1,1
BRDA:3639,152,0,1
BRDA:3639,152,1,1
BRDA:3637,153,0,1
BRDA:3637,153,1,1
BRDA:3658,154,0,1
BRDA:3658,154,1,1
BRDA:3656,155,0,1
BRDA:3656,155,1,1
BRDA:3677,156,0,1
BRDA:3677,156,1,1
BRDA:3675,157,0,1
BRDA:3675,157,1,1
BRDA:3696,158,0,1
BRDA:3696,158,1,1
BRDA:3694,159,0,1
BRDA:3694,159,1,1
BRDA:3737,160,0,1
BRDA:3737,160,1,1
BRDA:3735,161,0,1
BRDA:3735,161,1,1
BRDA:3785,162,0,1
BRDA:3785,162,1,1
BRDA:3783,163,0,1
BRDA:3783,163,1,1
BRDA:2865,164,0,1
BRDA:2865,164,1,0
BRF:330
BRH:203
end_of_record
TN:
SF:/home/travis/build/watson-developer-cloud/node-sdk/discovery/v1.ts
FN:21,(anonymous_5)
FN:60,DiscoveryV1
FN:30,(anonymous_7)
FN:67,(anonymous_8)
FN:72,(anonymous_9)
FN:80,(anonymous_10)
FN:84,(anonymous_11)
FN:98,(anonymous_12)
FN:103,(anonymous_13)
FN:111,(anonymous_14)
FN:119,(anonymous_15)
FN:128,(anonymous_16)
FN:133,(anonymous_17)
FN:147,(anonymous_18)
FN:166,(anonymous_19)
FN:185,(anonymous_20)
FN:196,(anonymous_21)
FNF:17
FNH:16
FNDA:1,(anonymous_5)
FNDA:5,DiscoveryV1
FNDA:18,(anonymous_7)
FNDA:4,(anonymous_8)
FNDA:9,(anonymous_9)
FNDA:3,(anonymous_10)
FNDA:3,(anonymous_11)
FNDA:4,(anonymous_12)
FNDA:3,(anonymous_13)
FNDA:3,(anonymous_14)
FNDA:3,(anonymous_15)
FNDA:4,(anonymous_16)
FNDA:3,(anonymous_17)
FNDA:1,(anonymous_18)
FNDA:0,(anonymous_19)
FNDA:6,(anonymous_20)
FNDA:30,(anonymous_21)
DA:17,1
DA:18,1
DA:19,1
DA:21,1
DA:22,1
DA:23,1
DA:24,1
DA:25,1
DA:26,1
DA:27,1
DA:28,1
DA:30,1
DA:32,18
DA:33,3
DA:37,15
DA:42,6
DA:43,3
DA:45,3
DA:52,9
DA:60,5
DA:62,5
DA:63,5
DA:64,5
DA:67,1
DA:68,4
DA:69,4
DA:72,1
DA:74,9
DA:75,6
DA:77,9
DA:80,1
DA:81,3
DA:84,1
DA:87,3
DA:88,3
DA:89,3
DA:90,3
DA:91,3
DA:92,3
DA:94,3
DA:95,3
DA:98,1
DA:99,4
DA:100,4
DA:103,1
DA:105,3
DA:106,3
DA:108,3
DA:111,1
DA:113,3
DA:114,3
DA:116,3
DA:119,1
DA:120,3
DA:122,3
DA:123,3
DA:125,3
DA:128,1
DA:129,4
DA:130,4
DA:133,1
DA:136,3
DA:137,3
DA:138,3
DA:139,3
DA:140,3
DA:141,3
DA:143,3
DA:144,3
DA:147,1
DA:148,1
DA:149,1
DA:150,1
DA:151,0
DA:155,1
DA:163,1
DA:166,1
DA:167,0
DA:168,0
DA:169,0
DA:170,0
DA:174,0
DA:182,0
DA:185,1
DA:186,6
DA:188,6
DA:189,0
DA:191,6
DA:192,0
DA:195,6
DA:197,30
DA:200,6
DA:202,1
DA:204,1
LF:94
LH:85
BRDA:63,0,0,5
BRDA:63,0,1,4
BRDA:64,1,0,5
BRDA:64,1,1,0
BRDA:32,2,0,3
BRDA:32,2,1,15
BRDA:32,3,0,18
BRDA:32,3,1,6
BRDA:37,4,0,6
BRDA:37,4,1,9
BRDA:38,5,0,15
BRDA:38,5,1,15
BRDA:38,5,2,6
BRDA:42,6,0,3
BRDA:42,6,1,3
BRDA:74,7,0,6
BRDA:74,7,1,3
BRDA:74,8,0,9
BRDA:74,8,1,6
BRDA:87,9,0,3
BRDA:87,9,1,0
BRDA:88,10,0,3
BRDA:88,10,1,0
BRDA:94,11,0,3
BRDA:94,11,1,3
BRDA:105,12,0,3
BRDA:105,12,1,0
BRDA:106,13,0,3
BRDA:106,13,1,3
BRDA:106,13,2,3
BRDA:113,14,0,3
BRDA:113,14,1,0
BRDA:114,15,0,3
BRDA:114,15,1,3
BRDA:122,16,0,3
BRDA:122,16,1,0
BRDA:122,17,0,3
BRDA:122,17,1,3
BRDA:136,18,0,3
BRDA:136,18,1,0
BRDA:137,19,0,3
BRDA:137,19,1,0
BRDA:143,20,0,3
BRDA:143,20,1,3
BRDA:150,21,0,0
BRDA:150,21,1,1
BRDA:169,22,0,0
BRDA:169,22,1,0
BRDA:186,23,0,6
BRDA:186,23,1,0
BRDA:188,24,0,0
BRDA:188,24,1,6
BRDA:188,25,0,6
BRDA:188,25,1,0
BRDA:191,26,0,0
BRDA:191,26,1,6
BRDA:197,27,0,30
BRDA:197,27,1,0
BRF:58
BRH:42
end_of_record
TN:
SF:/home/travis/build/watson-developer-cloud/node-sdk/iam-token-manager/v1.ts
FN:37,(anonymous_0)
FN:56,IamTokenManagerV1
FN:77,(anonymous_2)
FN:83,(anonymous_3)
FN:89,(anonymous_4)
FN:111,(anonymous_5)
FN:121,(anonymous_6)
FN:146,(anonymous_7)
FN:175,(anonymous_8)
FN:196,(anonymous_9)
FN:213,(anonymous_10)
FNF:11
FNH:9
FNDA:1,(anonymous_0)
FNDA:27,IamTokenManagerV1
FNDA:6,(anonymous_2)
FNDA:2,(anonymous_3)
FNDA:1,(anonymous_4)
FNDA:1,(anonymous_5)
FNDA:0,(anonymous_6)
FNDA:0,(anonymous_7)
FNDA:2,(anonymous_8)
FNDA:2,(anonymous_9)
FNDA:3,(anonymous_10)
DA:17,1
DA:18,1
DA:37,1
DA:57,27
DA:58,27
DA:59,27
DA:60,25
DA:62,27
DA:63,2
DA:77,6
DA:78,6
DA:80,2
DA:81,4
DA:83,2
DA:84,2
DA:85,2
DA:87,2
DA:89,1
DA:90,1
DA:91,1
DA:95,1
DA:111,1
DA:112,1
DA:121,1
DA:122,0
DA:137,0
DA:146,1
DA:147,0
DA:161,0
DA:175,1
DA:176,2
DA:177,0
DA:179,2
DA:180,2
DA:181,2
DA:182,2
DA:183,2
DA:184,2
DA:196,1
DA:197,2
DA:198,0
DA:200,2
DA:201,2
DA:202,2
DA:203,2
DA:213,1
DA:214,3
DA:216,1
LF:48
LH:42
BRDA:57,0,0,27
BRDA:57,0,1,27
BRDA:59,1,0,25
BRDA:59,1,1,2
BRDA:62,2,0,2
BRDA:62,2,1,25
BRDA:78,3,0,2
BRDA:78,3,1,4
BRDA:81,4,0,2
BRDA:81,4,1,2
BRDA:81,5,0,4
BRDA:81,5,1,2
BRDA:87,6,0,1
BRDA:87,6,1,1
BRDA:176,7,0,0
BRDA:176,7,1,2
BRDA:176,8,0,2
BRDA:176,8,1,2
BRDA:197,9,0,0
BRDA:197,9,1,2
BRF:20
BRH:18
end_of_record
TN:
SF:/home/travis/build/watson-developer-cloud/node-sdk/language-translator/v2-generated.ts
FN:27,(anonymous_5)
FN:49,LanguageTranslatorV2
FN:77,(anonymous_7)
FN:79,(anonymous_8)
FN:123,(anonymous_9)
FN:125,(anonymous_10)
FN:160,(anonymous_11)
FN:162,(anonymous_12)
FN:209,(anonymous_13)
FN:211,(anonymous_14)
FN:266,(anonymous_15)
FN:268,(anonymous_16)
FN:303,(anonymous_17)
FN:305,(anonymous_18)
FN:344,(anonymous_19)
FN:346,(anonymous_20)
FNF:16
FNH:9
FNDA:1,(anonymous_5)
FNDA:4,LanguageTranslatorV2
FNDA:2,(anonymous_7)
FNDA:0,(anonymous_8)
FNDA:5,(anonymous_9)
FNDA:0,(anonymous_10)
FNDA:2,(anonymous_11)
FNDA:0,(anonymous_12)
FNDA:4,(anonymous_13)
FNDA:0,(anonymous_14)
FNDA:4,(anonymous_15)
FNDA:0,(anonymous_16)
FNDA:4,(anonymous_17)
FNDA:0,(anonymous_18)
FNDA:2,(anonymous_19)
FNDA:0,(anonymous_20)
DA:17,1
DA:19,1
DA:20,1
DA:27,1
DA:29,1
DA:77,1
DA:78,2
DA:79,2
DA:80,2
DA:81,2
DA:82,2
DA:83,0
DA:85,2
DA:91,2
DA:105,2
DA:123,1
DA:124,5
DA:125,5
DA:126,5
DA:127,5
DA:128,5
DA:129,3
DA:131,2
DA:132,2
DA:146,2
DA:160,1
DA:161,2
DA:162,2
DA:163,2
DA:174,2
DA:209,1
DA:210,4
DA:211,4
DA:212,4
DA:213,4
DA:214,4
DA:215,3
DA:217,1
DA:234,1
DA:238,1
DA:252,1
DA:266,1
DA:267,4
DA:268,4
DA:269,4
DA:270,4
DA:271,4
DA:272,3
DA:274,1
DA:277,1
DA:289,1
DA:303,1
DA:304,4
DA:305,4
DA:306,4
DA:307,4
DA:308,4
DA:309,3
DA:311,1
DA:314,1
DA:326,1
DA:344,1
DA:345,2
DA:346,2
DA:347,2
DA:352,2
DA:364,2
DA:367,1
DA:369,1
DA:370,1
DA:557,1
LF:71
LH:70
BRDA:50,0,0,4
BRDA:50,0,1,4
BRDA:79,1,0,2
BRDA:79,1,1,0
BRDA:82,2,0,0
BRDA:82,2,1,2
BRDA:125,3,0,5
BRDA:125,3,1,0
BRDA:128,4,0,3
BRDA:128,4,1,2
BRDA:161,5,0,0
BRDA:161,5,1,2
BRDA:161,6,0,2
BRDA:161,6,1,0
BRDA:162,7,0,0
BRDA:162,7,1,2
BRDA:162,8,0,2
BRDA:162,8,1,0
BRDA:162,9,0,2
BRDA:162,9,1,0
BRDA:211,10,0,4
BRDA:211,10,1,0
BRDA:214,11,0,3
BRDA:214,11,1,1
BRDA:268,12,0,4
BRDA:268,12,1,0
BRDA:271,13,0,3
BRDA:271,13,1,1
BRDA:305,14,0,4
BRDA:305,14,1,0
BRDA:308,15,0,3
BRDA:308,15,1,1
BRDA:345,16,0,0
BRDA:345,16,1,2
BRDA:345,17,0,2
BRDA:345,17,1,0
BRDA:346,18,0,0
BRDA:346,18,1,2
BRDA:346,19,0,2
BRDA:346,19,1,0
BRDA:346,20,0,2
BRDA:346,20,1,0
BRF:42
BRH:26
end_of_record
TN:
SF:/home/travis/build/watson-developer-cloud/node-sdk/language-translator/v2.ts
FN:21,(anonymous_5)
FN:22,LanguageTranslatorV2
FN:26,(anonymous_7)
FN:31,(anonymous_8)
FN:35,(anonymous_9)
FN:42,(anonymous_10)
FN:53,(anonymous_11)
FN:62,(anonymous_12)
FNF:8
FNH:8
FNDA:1,(anonymous_5)
FNDA:4,LanguageTranslatorV2
FNDA:2,(anonymous_7)
FNDA:4,(anonymous_8)
FNDA:4,(anonymous_9)
FNDA:6,(anonymous_10)
FNDA:6,(anonymous_11)
FNDA:2,(anonymous_12)
DA:17,1
DA:19,1
DA:21,1
DA:26,1
DA:27,2
DA:28,2
DA:31,1
DA:32,4
DA:35,1
DA:36,4
DA:37,2
DA:42,2
DA:43,6
DA:44,0
DA:50,4
DA:53,1
DA:54,6
DA:55,4
DA:59,2
DA:62,1
DA:63,2
DA:64,2
DA:66,1
DA:68,1
LF:24
LH:23
BRDA:23,0,0,4
BRDA:23,0,1,0
BRDA:36,1,0,2
BRDA:36,1,1,2
BRDA:43,2,0,0
BRDA:43,2,1,6
BRDA:43,3,0,6
BRDA:43,3,1,3
BRDA:54,4,0,4
BRDA:54,4,1,2
BRDA:54,5,0,6
BRDA:54,5,1,6
BRDA:54,6,0,6
BRDA:54,6,1,5
BRDA:54,6,2,1
BRF:15
BRH:13
end_of_record
TN:
SF:/home/travis/build/watson-developer-cloud/node-sdk/language-translator/v3.ts
FN:27,(anonymous_5)
FN:51,LanguageTranslatorV3
FN:84,(anonymous_7)
FN:86,(anonymous_8)
FN:130,(anonymous_9)
FN:132,(anonymous_10)
FN:167,(anonymous_11)
FN:169,(anonymous_12)
FN:225,(anonymous_13)
FN:227,(anonymous_14)
FN:277,(anonymous_15)
FN:279,(anonymous_16)
FN:315,(anonymous_17)
FN:317,(anonymous_18)
FN:357,(anonymous_19)
FN:359,(anonymous_20)
FNF:16
FNH:9
FNDA:1,(anonymous_5)
FNDA:4,LanguageTranslatorV3
FNDA:6,(anonymous_7)
FNDA:0,(anonymous_8)
FNDA:5,(anonymous_9)
FNDA:0,(anonymous_10)
FNDA:2,(anonymous_11)
FNDA:0,(anonymous_12)
FNDA:4,(anonymous_13)
FNDA:0,(anonymous_14)
FNDA:4,(anonymous_15)
FNDA:0,(anonymous_16)
FNDA:4,(anonymous_17)
FNDA:0,(anonymous_18)
FNDA:2,(anonymous_19)
FNDA:0,(anonymous_20)
DA:17,1
DA:19,1
DA:20,1
DA:27,1
DA:29,1
DA:52,4
DA:54,4
DA:55,0
DA:57,4
DA:84,1
DA:85,6
DA:86,6
DA:87,6
DA:88,6
DA:89,6
DA:90,4
DA:92,2
DA:98,2
DA:112,2
DA:130,1
DA:131,5
DA:132,5
DA:133,5
DA:134,5
DA:135,5
DA:136,3
DA:138,2
DA:139,2
DA:153,2
DA:167,1
DA:168,2
DA:169,2
DA:170,2
DA:181,2
DA:225,1
DA:226,4
DA:227,4
DA:228,4
DA:229,4
DA:230,4
DA:231,3
DA:233,1
DA:245,1
DA:249,1
DA:263,1
DA:277,1
DA:278,4
DA:279,4
DA:280,4
DA:281,4
DA:282,4
DA:283,3
DA:285,1
DA:288,1
DA:300,1
DA:315,1
DA:316,4
DA:317,4
DA:318,4
DA:319,4
DA:320,4
DA:321,3
DA:323,1
DA:326,1
DA:338,1
DA:357,1
DA:358,2
DA:359,2
DA:360,2
DA:365,2
DA:377,2
DA:380,1
DA:382,1
DA:383,1
DA:567,1
LF:75
LH:74
BRDA:52,0,0,4
BRDA:52,0,1,4
BRDA:54,1,0,0
BRDA:54,1,1,4
BRDA:86,2,0,6
BRDA:86,2,1,0
BRDA:89,3,0,4
BRDA:89,3,1,2
BRDA:132,4,0,5
BRDA:132,4,1,0
BRDA:135,5,0,3
BRDA:135,5,1,2
BRDA:168,6,0,0
BRDA:168,6,1,2
BRDA:168,7,0,2
BRDA:168,7,1,0
BRDA:169,8,0,0
BRDA:169,8,1,2
BRDA:169,9,0,2
BRDA:169,9,1,0
BRDA:169,10,0,2
BRDA:169,10,1,0
BRDA:227,11,0,4
BRDA:227,11,1,0
BRDA:230,12,0,3
BRDA:230,12,1,1
BRDA:279,13,0,4
BRDA:279,13,1,0
BRDA:282,14,0,3
BRDA:282,14,1,1
BRDA:317,15,0,4
BRDA:317,15,1,0
BRDA:320,16,0,3
BRDA:320,16,1,1
BRDA:358,17,0,0
BRDA:358,17,1,2
BRDA:358,18,0,2
BRDA:358,18,1,0
BRDA:359,19,0,0
BRDA:359,19,1,2
BRDA:359,20,0,2
BRDA:359,20,1,0
BRDA:359,21,0,2
BRDA:359,21,1,0
BRF:44
BRH:28
end_of_record
TN:
SF:/home/travis/build/watson-developer-cloud/node-sdk/lib/base_service.ts
FN:67,hasCredentials
FN:77,hasBasicCredentials
FN:81,hasIamCredentials
FN:87,usesBasicForIam
FN:91,(anonymous_4)
FN:114,BaseService
FN:166,(anonymous_6)
FN:204,(anonymous_7)
FN:223,(anonymous_8)
FN:225,(anonymous_9)
FN:245,(anonymous_10)
FN:247,(anonymous_11)
FN:265,(anonymous_12)
FN:321,(anonymous_13)
FN:356,(anonymous_14)
FNF:15
FNH:14
FNDA:127,hasCredentials
FNDA:100,hasBasicCredentials
FNDA:242,hasIamCredentials
FNDA:293,usesBasicForIam
FNDA:1,(anonymous_4)
FNDA:129,BaseService
FNDA:17,(anonymous_6)
FNDA:1,(anonymous_7)
FNDA:3,(anonymous_8)
FNDA:0,(anonymous_9)
FNDA:754,(anonymous_10)
FNDA:2,(anonymous_11)
FNDA:129,(anonymous_12)
FNDA:164,(anonymous_13)
FNDA:128,(anonymous_14)
DA:19,1
DA:20,1
DA:21,1
DA:22,1
DA:23,1
DA:24,1
DA:25,1
DA:68,127
DA:78,100
DA:82,242
DA:88,293
DA:91,1
DA:115,129
DA:119,0
DA:123,129
DA:124,129
DA:127,122
DA:128,7
DA:130,122
DA:131,70
DA:133,122
DA:134,122
DA:140,122
DA:141,19
DA:146,103
DA:147,1
DA:152,102
DA:156,122
DA:166,1
DA:167,17
DA:168,17
DA:169,11
DA:171,17
DA:172,11
DA:174,17
DA:175,2
DA:177,17
DA:178,17
DA:180,17
DA:181,0
DA:183,17
DA:184,4
DA:186,17
DA:187,0
DA:189,17
DA:204,1
DA:205,1
DA:206,0
DA:208,1
DA:223,1
DA:224,3
DA:225,0
DA:226,0
DA:227,0
DA:229,0
DA:232,3
DA:245,1
DA:246,754
DA:247,2
DA:248,2
DA:249,1
DA:251,1
DA:253,1
DA:256,752
DA:265,1
DA:266,129
DA:267,129
DA:268,1
DA:269,1
DA:270,1
DA:271,1
DA:273,128
DA:274,9
DA:276,128
DA:279,128
DA:286,128
DA:287,127
DA:288,7
DA:292,7
DA:294,120
DA:295,100
DA:297,89
DA:300,89
DA:301,89
DA:303,11
DA:307,121
DA:321,1
DA:322,164
DA:323,21
DA:326,143
DA:327,15
DA:329,128
DA:331,128
DA:332,128
DA:333,128
DA:334,128
DA:335,128
DA:336,128
DA:337,128
DA:338,128
DA:340,128
DA:356,1
DA:359,128
DA:360,0
DA:361,128
DA:362,0
DA:364,128
DA:367,128
DA:368,1
DA:369,1
DA:371,128
DA:372,128
DA:374,1
LF:113
LH:103
BRDA:69,0,0,127
BRDA:69,0,1,127
BRDA:69,0,2,93
BRDA:69,0,3,36
BRDA:69,0,4,25
BRDA:69,0,5,25
BRDA:78,1,0,100
BRDA:78,1,1,100
BRDA:78,1,2,89
BRDA:78,1,3,89
BRDA:82,2,0,242
BRDA:82,2,1,242
BRDA:82,2,2,204
BRDA:88,3,0,293
BRDA:88,3,1,14
BRDA:115,4,0,0
BRDA:115,4,1,129
BRDA:127,5,0,7
BRDA:127,5,1,115
BRDA:127,6,0,122
BRDA:127,6,1,122
BRDA:127,6,2,17
BRDA:127,6,3,12
BRDA:127,6,4,7
BRDA:130,7,0,70
BRDA:130,7,1,52
BRDA:140,8,0,19
BRDA:140,8,1,103
BRDA:146,9,0,1
BRDA:146,9,1,102
BRDA:168,10,0,11
BRDA:168,10,1,6
BRDA:171,11,0,11
BRDA:171,11,1,6
BRDA:174,12,0,2
BRDA:174,12,1,15
BRDA:177,13,0,17
BRDA:177,13,1,0
BRDA:180,14,0,0
BRDA:180,14,1,17
BRDA:183,15,0,4
BRDA:183,15,1,13
BRDA:186,16,0,0
BRDA:186,16,1,17
BRDA:205,17,0,0
BRDA:205,17,1,1
BRDA:224,18,0,0
BRDA:224,18,1,3
BRDA:226,19,0,0
BRDA:226,19,1,0
BRDA:246,20,0,2
BRDA:246,20,1,752
BRDA:248,21,0,1
BRDA:248,21,1,1
BRDA:267,22,0,1
BRDA:267,22,1,128
BRDA:268,23,0,1
BRDA:268,23,1,1
BRDA:273,24,0,9
BRDA:273,24,1,119
BRDA:273,25,0,128
BRDA:273,25,1,119
BRDA:274,26,0,9
BRDA:274,26,1,0
BRDA:286,27,0,127
BRDA:286,27,1,1
BRDA:287,28,0,7
BRDA:287,28,1,120
BRDA:294,29,0,100
BRDA:294,29,1,20
BRDA:294,30,0,120
BRDA:294,30,1,101
BRDA:295,31,0,89
BRDA:295,31,1,11
BRDA:322,32,0,21
BRDA:322,32,1,143
BRDA:326,33,0,15
BRDA:326,33,1,128
BRDA:326,34,0,143
BRDA:326,34,1,22
BRDA:326,34,2,7
BRDA:332,35,0,128
BRDA:332,35,1,107
BRDA:333,36,0,128
BRDA:333,36,1,107
BRDA:334,37,0,128
BRDA:334,37,1,125
BRDA:335,38,0,128
BRDA:335,38,1,111
BRDA:336,39,0,128
BRDA:336,39,1,128
BRDA:337,40,0,128
BRDA:337,40,1,126
BRDA:338,41,0,128
BRDA:338,41,1,128
BRDA:359,42,0,0
BRDA:359,42,1,128
BRDA:361,43,0,0
BRDA:361,43,1,128
BRDA:367,44,0,1
BRDA:367,44,1,127
BRDA:367,45,0,128
BRDA:367,45,1,1
BRF:103
BRH:92
end_of_record
TN:
SF:/home/travis/build/watson-developer-cloud/node-sdk/lib/content-type.ts
FN:34,fromHeader
FN:54,fromFilename
FNF:2
FNH:2
FNDA:2,fromHeader
FNDA:3,fromFilename
DA:1,1
DA:10,1
DA:18,1
DA:34,1
DA:35,2
DA:40,2
DA:54,1
DA:55,3
DA:58,3
LF:9
LH:9
BRDA:41,0,0,2
BRDA:41,0,1,0
BRDA:56,1,0,3
BRDA:56,1,1,1
BRDA:56,1,2,2
BRDA:56,1,3,1
BRF:6
BRH:5
end_of_record
TN:
SF:/home/travis/build/watson-developer-cloud/node-sdk/lib/helper.ts
FN:46,isFileObject
FN:50,isFileStream
FN:54,isFileParam
FN:61,isEmptyObject
FN:70,getContentType
FN:93,stripTrailingSlash
FN:104,getMissingParams
FN:115,(anonymous_7)
FN:131,isHTML
FN:142,getFormat
FN:165,buildRequestFileObject
FN:236,toLowerKeys
FN:241,(anonymous_12)
FNF:13
FNH:13
FNDA:252,isFileObject
FNDA:71,isFileStream
FNDA:65,isFileParam
FNDA:83,isEmptyObject
FNDA:23,getContentType
FNDA:73,stripTrailingSlash
FNDA:2068,getMissingParams
FNDA:2506,(anonymous_7)
FNDA:17,isHTML
FNDA:14,getFormat
FNDA:49,buildRequestFileObject
FNDA:11,toLowerKeys
FNDA:5,(anonymous_12)
DA:17,1
DA:18,1
DA:19,1
DA:20,1
DA:21,1
DA:47,252
DA:51,71
DA:54,1
DA:55,65
DA:61,1
DA:62,83
DA:70,1
DA:73,23
DA:74,23
DA:76,17
DA:77,17
DA:78,6
DA:80,3
DA:81,3
DA:83,3
DA:85,23
DA:93,1
DA:95,73
DA:104,1
DA:109,2068
DA:110,713
DA:111,1355
DA:112,37
DA:114,1318
DA:115,1318
DA:116,2506
DA:117,1176
DA:121,1355
DA:131,1
DA:132,17
DA:142,1
DA:146,14
DA:147,9
DA:149,5
DA:150,4
DA:151,3
DA:155,2
DA:165,1
DA:170,49
DA:172,1
DA:173,48
DA:179,1
DA:180,47
DA:182,27
DA:183,20
DA:188,0
DA:191,49
DA:194,49
DA:195,49
DA:201,0
DA:202,49
DA:205,26
DA:208,23
DA:209,1
DA:211,22
DA:216,49
DA:219,49
DA:220,13
DA:222,49
DA:236,1
DA:237,11
DA:238,11
DA:239,4
DA:241,5
DA:246,11
LF:70
LH:68
BRDA:47,0,0,252
BRDA:47,0,1,238
BRDA:51,1,0,71
BRDA:51,1,1,66
BRDA:51,1,2,44
BRDA:56,2,0,65
BRDA:56,2,1,65
BRDA:56,2,2,63
BRDA:56,2,3,63
BRDA:56,2,4,14
BRDA:62,3,0,83
BRDA:62,3,1,83
BRDA:62,3,2,13
BRDA:74,4,0,17
BRDA:74,4,1,6
BRDA:77,5,0,17
BRDA:77,5,1,0
BRDA:78,6,0,3
BRDA:78,6,1,3
BRDA:81,7,0,3
BRDA:81,7,1,0
BRDA:85,8,0,20
BRDA:85,8,1,3
BRDA:109,9,0,713
BRDA:109,9,1,1355
BRDA:111,10,0,37
BRDA:111,10,1,1318
BRDA:116,11,0,1176
BRDA:116,11,1,1330
BRDA:122,12,0,726
BRDA:122,12,1,629
BRDA:146,13,0,9
BRDA:146,13,1,5
BRDA:146,14,0,14
BRDA:146,14,1,7
BRDA:150,15,0,3
BRDA:150,15,1,1
BRDA:170,16,0,1
BRDA:170,16,1,48
BRDA:173,17,0,1
BRDA:173,17,1,47
BRDA:174,18,0,48
BRDA:174,18,1,2
BRDA:174,18,2,1
BRDA:180,19,0,27
BRDA:180,19,1,20
BRDA:183,20,0,0
BRDA:183,20,1,20
BRDA:184,21,0,20
BRDA:184,21,1,1
BRDA:191,22,0,29
BRDA:191,22,1,20
BRDA:195,23,0,0
BRDA:195,23,1,49
BRDA:196,24,0,49
BRDA:196,24,1,2
BRDA:196,24,2,1
BRDA:202,25,0,26
BRDA:202,25,1,23
BRDA:208,26,0,1
BRDA:208,26,1,22
BRDA:209,27,0,1
BRDA:209,27,1,1
BRDA:211,28,0,22
BRDA:211,28,1,2
BRDA:217,29,0,2
BRDA:217,29,1,47
BRDA:219,30,0,13
BRDA:219,30,1,36
BRDA:238,31,0,4
BRDA:238,31,1,7
BRF:71
BRH:67
end_of_record
TN:
SF:/home/travis/build/watson-developer-cloud/node-sdk/lib/json-training-to-csv.ts
FN:25,toCSVArray
FN:41,toCSV
FNF:2
FNH:2
FNDA:3,toCSVArray
FNDA:4,toCSV
DA:17,1
DA:26,3
DA:27,2
DA:29,1
DA:42,4
DA:43,2
DA:44,2
DA:46,1
DA:49,2
DA:53,1
LF:10
LH:10
BRDA:26,0,0,2
BRDA:26,0,1,1
BRDA:26,1,0,3
BRDA:26,1,1,2
BRDA:26,1,2,2
BRDA:42,2,0,2
BRDA:42,2,1,2
BRF:7
BRH:7
end_of_record
TN:
SF:/home/travis/build/watson-developer-cloud/node-sdk/lib/querystring.ts
FN:11,(anonymous_0)
FN:13,(anonymous_1)
FNF:2
FNH:2
FNDA:1,(anonymous_0)
FNDA:1,(anonymous_1)
DA:11,1
DA:12,1
DA:14,1
DA:25,1
LF:4
LH:4
BRDA:18,0,0,0
BRDA:18,0,1,1
BRF:2
BRH:1
end_of_record
TN:
SF:/home/travis/build/watson-developer-cloud/node-sdk/lib/recognize-stream.ts
FN:65,(anonymous_5)
FN:124,RecognizeStream
FN:141,(anonymous_7)
FN:69,(anonymous_8)
FN:185,(anonymous_9)
FN:247,(anonymous_10)
FN:256,(anonymous_11)
FN:265,(anonymous_12)
FN:282,emitError
FN:292,(anonymous_14)
FN:337,(anonymous_15)
FN:354,(anonymous_16)
FN:364,(anonymous_17)
FN:390,(anonymous_18)
FN:404,(anonymous_19)
FN:413,(anonymous_20)
FN:419,(anonymous_21)
FN:420,(anonymous_22)
FN:449,(anonymous_23)
FN:461,(anonymous_24)
FN:472,(anonymous_25)
FN:485,(anonymous_26)
FN:486,(anonymous_27)
FN:497,(anonymous_28)
FN:516,(anonymous_29)
FN:518,(anonymous_30)
FNF:26
FNH:17
FNDA:1,(anonymous_5)
FNDA:5,RecognizeStream
FNDA:10,(anonymous_7)
FNDA:1,(anonymous_8)
FNDA:1,(anonymous_9)
FNDA:0,(anonymous_10)
FNDA:1,(anonymous_11)
FNDA:1,(anonymous_12)
FNDA:0,emitError
FNDA:3,(anonymous_14)
FNDA:0,(anonymous_15)
FNDA:2,(anonymous_16)
FNDA:2,(anonymous_17)
FNDA:2,(anonymous_18)
FNDA:0,(anonymous_19)
FNDA:1,(anonymous_20)
FNDA:2,(anonymous_21)
FNDA:2,(anonymous_22)
FNDA:1,(anonymous_23)
FNDA:1,(anonymous_24)
FNDA:0,(anonymous_25)
FNDA:0,(anonymous_26)
FNDA:0,(anonymous_27)
FNDA:0,(anonymous_28)
FNDA:2,(anonymous_29)
FNDA:0,(anonymous_30)
DA:17,1
DA:19,1
DA:20,1
DA:21,1
DA:22,1
DA:23,1
DA:25,1
DA:27,1
DA:42,1
DA:65,1
DA:66,1
DA:67,1
DA:69,1
DA:72,1
DA:80,5
DA:127,5
DA:128,5
DA:129,0
DA:130,0
DA:131,0
DA:133,5
DA:134,5
DA:135,5
DA:136,5
DA:139,5
DA:141,5
DA:142,10
DA:143,10
DA:149,0
DA:158,10
DA:160,0
DA:169,10
DA:171,0
DA:185,1
DA:186,1
DA:188,1
DA:189,0
DA:195,0
DA:197,1
DA:198,1
DA:200,1
DA:201,0
DA:204,1
DA:211,1
DA:213,1
DA:218,1
DA:219,1
DA:221,1
DA:229,1
DA:239,1
DA:247,1
DA:248,0
DA:249,0
DA:250,0
DA:251,0
DA:252,0
DA:253,0
DA:256,1
DA:257,1
DA:262,1
DA:265,1
DA:266,1
DA:267,1
DA:273,1
DA:283,0
DA:284,0
DA:286,0
DA:288,0
DA:289,0
DA:292,1
DA:293,3
DA:294,0
DA:298,3
DA:299,3
DA:301,0
DA:311,3
DA:313,3
DA:314,0
DA:315,3
DA:317,2
DA:318,1
DA:319,1
DA:321,1
DA:326,1
DA:329,1
DA:335,0
DA:336,1
DA:337,1
DA:338,0
DA:344,0
DA:351,1
DA:354,1
DA:360,2
DA:361,2
DA:364,1
DA:370,2
DA:371,2
DA:390,1
DA:391,2
DA:394,2
DA:396,0
DA:404,1
DA:409,0
DA:410,0
DA:413,1
DA:419,2
DA:420,2
DA:421,2
DA:422,0
DA:423,0
DA:424,0
DA:426,2
DA:427,2
DA:429,0
DA:432,2
DA:433,1
DA:434,0
DA:435,0
DA:436,0
DA:438,0
DA:441,0
DA:442,0
DA:443,0
DA:444,0
DA:447,1
DA:449,1
DA:450,1
DA:451,1
DA:454,1
DA:455,1
DA:461,1
DA:463,1
DA:464,0
DA:466,1
DA:467,1
DA:468,1
DA:469,1
DA:470,1
DA:472,0
DA:473,0
DA:485,1
DA:486,0
DA:487,0
DA:493,0
DA:497,0
DA:498,0
DA:502,0
DA:516,2
DA:517,2
DA:518,0
DA:519,0
DA:520,0
DA:522,0
DA:523,0
DA:524,0
DA:525,0
DA:528,2
DA:531,1
DA:533,1
LF:159
LH:102
BRDA:127,0,0,5
BRDA:127,0,1,5
BRDA:128,1,0,0
BRDA:128,1,1,5
BRDA:139,2,0,1
BRDA:139,2,1,4
BRDA:142,3,0,10
BRDA:142,3,1,0
BRDA:143,4,0,0
BRDA:143,4,1,10
BRDA:144,5,0,10
BRDA:144,5,1,10
BRDA:144,5,2,10
BRDA:158,6,0,0
BRDA:158,6,1,10
BRDA:169,7,0,0
BRDA:169,7,1,10
BRDA:188,8,0,0
BRDA:188,8,1,1
BRDA:188,9,0,1
BRDA:188,9,1,0
BRDA:197,10,0,1
BRDA:197,10,1,0
BRDA:197,11,0,1
BRDA:197,11,1,1
BRDA:200,12,0,0
BRDA:200,12,1,1
BRDA:200,13,0,1
BRDA:200,13,1,0
BRDA:206,14,0,0
BRDA:206,14,1,1
BRDA:213,15,0,1
BRDA:213,15,1,0
BRDA:283,16,0,0
BRDA:283,16,1,0
BRDA:293,17,0,0
BRDA:293,17,1,3
BRDA:313,18,0,0
BRDA:313,18,1,3
BRDA:315,19,0,2
BRDA:315,19,1,1
BRDA:317,20,0,1
BRDA:317,20,1,1
BRDA:329,21,0,0
BRDA:329,21,1,1
BRDA:336,22,0,1
BRDA:336,22,1,0
BRDA:338,23,0,0
BRDA:338,23,1,0
BRDA:338,24,0,0
BRDA:338,24,1,0
BRDA:391,25,0,2
BRDA:391,25,1,0
BRDA:392,26,0,2
BRDA:392,26,1,0
BRDA:421,27,0,0
BRDA:421,27,1,2
BRDA:427,28,0,0
BRDA:427,28,1,2
BRDA:432,29,0,1
BRDA:432,29,1,1
BRDA:433,30,0,0
BRDA:433,30,1,1
BRDA:433,31,0,1
BRDA:433,31,1,1
BRDA:435,32,0,0
BRDA:435,32,1,0
BRDA:463,33,0,0
BRDA:463,33,1,1
BRDA:469,34,0,1
BRDA:469,34,1,0
BRDA:469,35,0,1
BRDA:469,35,1,1
BRDA:487,36,0,0
BRDA:487,36,1,0
BRDA:488,37,0,0
BRDA:488,37,1,0
BRDA:488,37,2,0
BRDA:488,37,3,0
BRDA:517,38,0,0
BRDA:517,38,1,2
BRDA:519,39,0,0
BRDA:519,39,1,0
BRF:83
BRH:43
end_of_record
TN:
SF:/home/travis/build/watson-developer-cloud/node-sdk/lib/requestwrapper.ts
FN:33,parsePath
FN:37,(anonymous_1)
FN:49,formatErrorIfExists
FN:50,(anonymous_3)
FN:93,(anonymous_4)
FN:96,(anonymous_5)
FN:108,(anonymous_6)
FN:145,sendRequest
FN:170,(anonymous_8)
FN:183,(anonymous_9)
FN:192,(anonymous_10)
FN:197,(anonymous_11)
FN:202,(anonymous_12)
FN:227,(anonymous_13)
FNF:14
FNH:14
FNDA:720,parsePath
FNDA:921,(anonymous_1)
FNDA:726,formatErrorIfExists
FNDA:721,(anonymous_3)
FNDA:1,(anonymous_4)
FNDA:1,(anonymous_5)
FNDA:8,(anonymous_6)
FNDA:752,sendRequest
FNDA:1,(anonymous_8)
FNDA:83,(anonymous_9)
FNDA:65,(anonymous_10)
FNDA:65,(anonymous_11)
FNDA:65,(anonymous_12)
FNDA:830,(anonymous_13)
DA:17,1
DA:18,1
DA:19,1
DA:20,1
DA:23,1
DA:24,1
DA:25,1
DA:34,720
DA:35,223
DA:37,497
DA:38,921
DA:39,921
DA:49,1
DA:50,726
DA:54,721
DA:56,366
DA:57,1
DA:58,1
DA:59,1
DA:61,366
DA:62,0
DA:64,366
DA:65,343
DA:68,355
DA:70,355
DA:76,355
DA:77,1
DA:81,1
DA:82,0
DA:84,1
DA:85,1
DA:89,354
DA:91,3
DA:92,1
DA:93,1
DA:94,1
DA:96,1
DA:97,1
DA:99,1
DA:100,2
DA:102,1
DA:103,1
DA:106,3
DA:107,3
DA:108,3
DA:109,8
DA:111,3
DA:114,354
DA:117,2
DA:118,2
DA:119,2
DA:123,354
DA:124,1
DA:125,1
DA:127,354
DA:128,1
DA:130,354
DA:131,351
DA:145,1
DA:146,752
DA:147,752
DA:148,752
DA:151,752
DA:153,0
DA:160,752
DA:165,752
DA:166,32
DA:167,31
DA:169,1
DA:170,1
DA:171,1
DA:173,1
DA:178,720
DA:183,53
DA:185,83
DA:191,53
DA:192,65
DA:196,53
DA:197,65
DA:201,53
DA:203,65
DA:211,720
DA:212,720
DA:215,720
DA:216,720
DA:217,720
DA:223,720
DA:225,589
DA:226,587
DA:227,830
DA:230,589
DA:234,720
DA:235,720
DA:239,720
DA:241,720
LF:95
LH:92
BRDA:34,0,0,223
BRDA:34,0,1,497
BRDA:34,1,0,720
BRDA:34,1,1,720
BRDA:54,2,0,366
BRDA:54,2,1,355
BRDA:56,3,0,1
BRDA:56,3,1,365
BRDA:58,4,0,1
BRDA:58,4,1,0
BRDA:58,4,2,0
BRDA:61,5,0,0
BRDA:61,5,1,366
BRDA:61,6,0,366
BRDA:61,6,1,1
BRDA:76,7,0,1
BRDA:76,7,1,354
BRDA:79,8,0,1
BRDA:79,8,1,0
BRDA:81,9,0,0
BRDA:81,9,1,1
BRDA:89,10,0,3
BRDA:89,10,1,351
BRDA:89,11,0,354
BRDA:89,11,1,345
BRDA:89,11,2,343
BRDA:91,12,0,1
BRDA:91,12,1,2
BRDA:91,13,0,3
BRDA:91,13,1,2
BRDA:100,14,0,1
BRDA:100,14,1,1
BRDA:100,15,0,2
BRDA:100,15,1,1
BRDA:106,16,0,3
BRDA:106,16,1,1
BRDA:106,16,2,1
BRDA:114,17,0,2
BRDA:114,17,1,352
BRDA:114,18,0,354
BRDA:114,18,1,351
BRDA:114,18,2,351
BRDA:117,19,0,0
BRDA:117,19,1,2
BRDA:123,20,0,1
BRDA:123,20,1,353
BRDA:123,21,0,354
BRDA:123,21,1,5
BRDA:123,21,2,4
BRDA:127,22,0,1
BRDA:127,22,1,353
BRDA:127,23,0,354
BRDA:127,23,1,5
BRDA:127,23,2,5
BRDA:151,24,0,0
BRDA:151,24,1,752
BRDA:161,25,0,752
BRDA:161,25,1,752
BRDA:165,26,0,32
BRDA:165,26,1,720
BRDA:166,27,0,31
BRDA:166,27,1,1
BRDA:178,28,0,53
BRDA:178,28,1,667
BRDA:185,29,0,83
BRDA:185,29,1,83
BRDA:185,29,2,70
BRDA:185,29,3,31
BRDA:185,29,4,18
BRDA:192,30,0,65
BRDA:192,30,1,49
BRDA:197,31,0,65
BRDA:197,31,1,3
BRDA:203,32,0,65
BRDA:203,32,1,14
BRDA:203,32,2,14
BRDA:203,32,3,3
BRDA:216,33,0,720
BRDA:216,33,1,0
BRDA:217,34,0,720
BRDA:217,34,1,719
BRDA:223,35,0,589
BRDA:223,35,1,131
BRDA:223,36,0,720
BRDA:223,36,1,720
BRDA:225,37,0,587
BRDA:225,37,1,2
BRDA:227,38,0,830
BRDA:227,38,1,26
BRDA:234,39,0,720
BRDA:234,39,1,0
BRF:91
BRH:82
end_of_record
TN:
SF:/home/travis/build/watson-developer-cloud/node-sdk/lib/to-promise.ts
FN:10,promise
FN:12,(anonymous_1)
FN:15,(anonymous_2)
FN:18,(anonymous_3)
FNF:4
FNH:4
FNDA:2,promise
FNDA:2,(anonymous_1)
FNDA:2,(anonymous_2)
FNDA:2,(anonymous_3)
DA:11,2
DA:12,2
DA:13,2
DA:14,2
DA:16,2
DA:19,2
DA:29,1
LF:7
LH:7
BRDA:11,0,0,2
BRDA:11,0,1,0
BRDA:21,1,0,1
BRDA:21,1,1,1
BRF:4
BRH:3
end_of_record
TN:
SF:/home/travis/build/watson-developer-cloud/node-sdk/natural-language-classifier/v1-generated.ts
FN:27,(anonymous_5)
FN:49,NaturalLanguageClassifierV1
FN:70,(anonymous_7)
FN:72,(anonymous_8)
FN:117,(anonymous_9)
FN:119,(anonymous_10)
FN:174,(anonymous_11)
FN:176,(anonymous_12)
FN:219,(anonymous_13)
FN:221,(anonymous_14)
FN:257,(anonymous_15)
FN:259,(anonymous_16)
FN:294,(anonymous_17)
FN:296,(anonymous_18)
FNF:14
FNH:8
FNDA:1,(anonymous_5)
FNDA:3,NaturalLanguageClassifierV1
FNDA:27,(anonymous_7)
FNDA:0,(anonymous_8)
FNDA:11,(anonymous_9)
FNDA:0,(anonymous_10)
FNDA:20,(anonymous_11)
FNDA:0,(anonymous_12)
FNDA:22,(anonymous_13)
FNDA:0,(anonymous_14)
FNDA:21,(anonymous_15)
FNDA:0,(anonymous_16)
FNDA:6,(anonymous_17)
FNDA:0,(anonymous_18)
DA:17,1
DA:19,1
DA:20,1
DA:27,1
DA:29,1
DA:70,1
DA:71,27
DA:72,27
DA:73,27
DA:74,27
DA:75,27
DA:76,26
DA:78,1
DA:81,1
DA:84,1
DA:99,1
DA:117,1
DA:118,11
DA:119,11
DA:120,11
DA:121,11
DA:122,11
DA:123,9
DA:125,2
DA:128,2
DA:131,2
DA:146,2
DA:174,1
DA:175,20
DA:176,20
DA:177,20
DA:178,20
DA:179,20
DA:180,13
DA:182,7
DA:194,7
DA:207,7
DA:219,1
DA:220,22
DA:221,22
DA:222,22
DA:223,22
DA:224,22
DA:225,19
DA:227,3
DA:230,3
DA:243,3
DA:257,1
DA:258,21
DA:259,21
DA:260,21
DA:261,21
DA:262,21
DA:263,17
DA:265,4
DA:268,4
DA:281,4
DA:294,1
DA:295,6
DA:296,6
DA:297,6
DA:309,6
DA:312,1
DA:314,1
DA:315,1
DA:473,1
LF:66
LH:66
BRDA:50,0,0,3
BRDA:50,0,1,3
BRDA:72,1,0,27
BRDA:72,1,1,0
BRDA:75,2,0,26
BRDA:75,2,1,1
BRDA:119,3,0,11
BRDA:119,3,1,0
BRDA:122,4,0,9
BRDA:122,4,1,2
BRDA:176,5,0,20
BRDA:176,5,1,0
BRDA:179,6,0,13
BRDA:179,6,1,7
BRDA:221,7,0,22
BRDA:221,7,1,0
BRDA:224,8,0,19
BRDA:224,8,1,3
BRDA:259,9,0,21
BRDA:259,9,1,0
BRDA:262,10,0,17
BRDA:262,10,1,4
[...]
FNDA:4,formatChunk
FNDA:1,(anonymous_10)
FNDA:28,SpeechToTextV1
FNDA:5,(anonymous_12)
FNDA:3,(anonymous_13)
FNDA:7,(anonymous_14)
FNDA:3,(anonymous_15)
FNDA:1,(anonymous_16)
FNDA:2,(anonymous_17)
FNDA:1,(anonymous_18)
FNDA:3,(anonymous_19)
FNDA:5,(anonymous_20)
FNDA:5,(anonymous_21)
FNDA:5,(anonymous_22)
FNDA:3,(anonymous_23)
FNDA:3,(anonymous_24)
FNDA:3,(anonymous_25)
FNDA:3,(anonymous_26)
FNDA:3,(anonymous_27)
FNDA:3,(anonymous_28)
FNDA:3,(anonymous_29)
FNDA:3,(anonymous_30)
FNDA:0,(anonymous_31)
FNDA:0,(anonymous_32)
FNDA:0,(anonymous_33)
FNDA:0,(anonymous_34)
FNDA:0,(anonymous_35)
FNDA:0,(anonymous_36)
FNDA:0,(anonymous_37)
FNDA:0,(anonymous_38)
FNDA:7,(anonymous_39)
FNDA:2,(anonymous_40)
FNDA:2,(anonymous_41)
FNDA:2,(anonymous_42)
FNDA:0,(anonymous_43)
FNDA:4,(anonymous_44)
FNDA:2,(anonymous_45)
FNDA:2,(anonymous_46)
FNDA:0,(anonymous_47)
FNDA:1,(anonymous_48)
FNDA:5,(anonymous_49)
FNDA:8,(anonymous_50)
FNDA:3,(anonymous_51)
FNDA:0,(anonymous_52)
FNDA:3,(anonymous_53)
FNDA:0,(anonymous_54)
FNDA:0,(anonymous_55)
FNDA:0,(anonymous_56)
FNDA:0,(anonymous_57)
DA:1,1
DA:2,1
DA:3,1
DA:4,1
DA:5,1
DA:6,1
DA:7,1
DA:8,1
DA:11,1
DA:13,1
DA:18,1
DA:45,0
DA:46,0
DA:57,0
DA:67,4
DA:71,4
DA:72,4
DA:76,0
DA:77,0
DA:78,0
DA:79,0
DA:84,0
DA:87,1
DA:88,1
DA:89,1
DA:97,1
DA:98,5
DA:99,5
DA:102,1
DA:103,3
DA:104,3
DA:107,1
DA:108,7
DA:109,7
DA:112,1
DA:113,3
DA:114,3
DA:115,2
DA:117,3
DA:120,1
DA:121,1
DA:122,1
DA:125,1
DA:126,2
DA:127,2
DA:130,1
DA:131,1
DA:132,1
DA:135,1
DA:136,3
DA:137,3
DA:138,1
DA:140,3
DA:143,1
DA:144,5
DA:145,1
DA:147,5
DA:148,1
DA:150,5
DA:153,1
DA:154,5
DA:155,1
DA:157,5
DA:160,1
DA:161,5
DA:162,1
DA:164,5
DA:167,1
DA:168,3
DA:169,3
DA:172,1
DA:173,3
DA:174,2
DA:176,3
DA:179,1
DA:180,3
DA:181,1
DA:183,3
DA:184,2
DA:186,3
DA:189,1
DA:190,3
DA:191,3
DA:194,1
DA:195,3
DA:196,1
DA:198,3
DA:201,1
DA:202,3
DA:203,1
DA:205,3
DA:208,1
DA:209,3
DA:210,3
DA:213,1
DA:214,3
DA:215,3
DA:230,1
DA:231,0
DA:233,0
DA:237,0
DA:238,0
DA:239,0
DA:241,0
DA:242,0
DA:245,0
DA:246,0
DA:248,0
DA:253,0
DA:260,0
DA:264,0
DA:266,0
DA:269,0
DA:270,0
DA:271,0
DA:272,0
DA:274,0
DA:277,0
DA:278,0
DA:279,0
DA:280,0
DA:282,0
DA:291,0
DA:292,0
DA:294,0
DA:311,1
DA:312,7
DA:318,7
DA:319,5
DA:320,5
DA:323,2
DA:329,2
DA:330,2
DA:345,2
DA:346,2
DA:347,2
DA:348,2
DA:350,2
DA:351,2
DA:354,2
DA:355,2
DA:356,2
DA:358,0
DA:359,0
DA:361,2
DA:365,2
DA:366,0
DA:368,2
DA:383,1
DA:384,4
DA:388,4
DA:389,2
DA:390,2
DA:392,2
DA:398,2
DA:399,2
DA:415,2
DA:416,2
DA:417,2
DA:418,2
DA:419,2
DA:420,2
DA:422,0
DA:423,0
DA:425,2
DA:429,2
DA:430,0
DA:433,2
DA:435,2
DA:445,1
DA:446,1
DA:447,1
DA:456,1
DA:457,5
DA:458,5
DA:463,5
DA:464,1
DA:468,5
DA:469,1
DA:472,5
DA:481,5
DA:483,5
DA:510,8
DA:511,8
DA:512,8
DA:513,5
DA:514,5
DA:516,3
DA:517,0
DA:518,0
DA:521,3
DA:522,3
DA:523,1
DA:526,3
DA:527,3
DA:528,3
DA:530,3
DA:544,3
DA:545,3
DA:546,0
DA:548,3
DA:551,0
DA:557,1
DA:558,3
DA:559,3
DA:575,1
DA:576,0
DA:580,0
DA:587,0
DA:591,0
DA:593,0
DA:596,0
DA:597,0
DA:598,0
DA:599,0
DA:604,0
DA:607,0
DA:608,0
DA:609,0
DA:613,0
DA:614,0
DA:615,0
DA:617,0
DA:628,1
DA:630,1
LF:225
LH:163
BRDA:71,0,0,4
BRDA:71,0,1,0
BRDA:71,1,0,4
BRDA:71,1,1,4
BRDA:92,2,0,28
BRDA:92,2,1,0
BRDA:114,3,0,2
BRDA:114,3,1,1
BRDA:114,4,0,3
BRDA:114,4,1,2
BRDA:137,5,0,1
BRDA:137,5,1,2
BRDA:137,6,0,3
BRDA:137,6,1,3
BRDA:144,7,0,1
BRDA:144,7,1,4
BRDA:144,8,0,5
BRDA:144,8,1,4
BRDA:147,9,0,1
BRDA:147,9,1,4
BRDA:147,10,0,5
BRDA:147,10,1,4
BRDA:154,11,0,1
BRDA:154,11,1,4
BRDA:154,12,0,5
BRDA:154,12,1,4
BRDA:161,13,0,1
BRDA:161,13,1,4
BRDA:161,14,0,5
BRDA:161,14,1,4
BRDA:173,15,0,2
BRDA:173,15,1,1
BRDA:173,16,0,3
BRDA:173,16,1,2
BRDA:180,17,0,1
BRDA:180,17,1,2
BRDA:180,18,0,3
BRDA:180,18,1,2
BRDA:183,19,0,2
BRDA:183,19,1,1
BRDA:183,20,0,3
BRDA:183,20,1,2
BRDA:195,21,0,1
BRDA:195,21,1,2
BRDA:195,22,0,3
BRDA:195,22,1,2
BRDA:202,23,0,1
BRDA:202,23,1,2
BRDA:202,24,0,3
BRDA:202,24,1,2
BRDA:238,25,0,0
BRDA:238,25,1,0
BRDA:241,26,0,0
BRDA:241,26,1,0
BRDA:270,27,0,0
BRDA:270,27,1,0
BRDA:272,28,0,0
BRDA:272,28,1,0
BRDA:279,29,0,0
BRDA:279,29,1,0
BRDA:291,30,0,0
BRDA:291,30,1,0
BRDA:318,31,0,5
BRDA:318,31,1,2
BRDA:334,32,0,0
BRDA:334,32,1,2
BRDA:388,33,0,2
BRDA:388,33,1,2
BRDA:405,34,0,1
BRDA:405,34,1,1
BRDA:457,35,0,5
BRDA:457,35,1,4
BRDA:463,36,0,1
BRDA:463,36,1,4
BRDA:468,37,0,1
BRDA:468,37,1,4
BRDA:512,38,0,5
BRDA:512,38,1,3
BRDA:516,39,0,0
BRDA:516,39,1,3
BRDA:522,40,0,1
BRDA:522,40,1,2
BRDA:527,41,0,0
BRDA:527,41,1,3
BRDA:545,42,0,0
BRDA:545,42,1,3
BRDA:597,43,0,0
BRDA:597,43,1,0
BRDA:599,44,0,0
BRDA:599,44,1,0
BRDA:600,45,0,0
BRDA:600,45,1,0
BRDA:609,46,0,0
BRDA:609,46,1,0
BRDA:610,47,0,0
BRDA:610,47,1,0
BRDA:614,48,0,0
BRDA:614,48,1,0
BRF:98
BRH:68
end_of_record
TN:
SF:/home/travis/build/watson-developer-cloud/node-sdk/text-to-speech/v1-generated.ts
FN:27,(anonymous_5)
FN:49,TextToSpeechV1
FN:74,(anonymous_7)
FN:76,(anonymous_8)
FN:115,(anonymous_9)
FN:117,(anonymous_10)
FN:166,(anonymous_11)
FN:168,(anonymous_12)
FN:229,(anonymous_13)
FN:231,(anonymous_14)
FN:281,(anonymous_15)
FN:283,(anonymous_16)
FN:326,(anonymous_17)
FN:328,(anonymous_18)
FN:367,(anonymous_19)
FN:369,(anonymous_20)
FN:411,(anonymous_21)
FN:413,(anonymous_22)
FN:454,(anonymous_23)
FN:456,(anonymous_24)
FN:518,(anonymous_25)
FN:520,(anonymous_26)
FN:574,(anonymous_27)
FN:576,(anonymous_28)
FN:622,(anonymous_29)
FN:624,(anonymous_30)
FN:665,(anonymous_31)
FN:667,(anonymous_32)
FN:708,(anonymous_33)
FN:710,(anonymous_34)
FN:756,(anonymous_35)
FN:758,(anonymous_36)
FN:790,(anonymous_37)
FN:824,(anonymous_38)
FN:826,(anonymous_39)
FN:863,(anonymous_40)
FN:865,(anonymous_41)
FN:881,(anonymous_42)
FN:913,(anonymous_43)
FN:915,(anonymous_44)
FN:932,(anonymous_45)
FN:950,(anonymous_46)
FN:952,(anonymous_47)
FN:988,(anonymous_48)
FN:990,(anonymous_49)
FN:1031,(anonymous_50)
FN:1033,(anonymous_51)
FNF:47
FNH:31
FNDA:1,(anonymous_5)
FNDA:2,TextToSpeechV1
FNDA:5,(anonymous_7)
FNDA:0,(anonymous_8)
FNDA:3,(anonymous_9)
FNDA:0,(anonymous_10)
FNDA:8,(anonymous_11)
FNDA:0,(anonymous_12)
FNDA:7,(anonymous_13)
FNDA:0,(anonymous_14)
FNDA:4,(anonymous_15)
FNDA:0,(anonymous_16)
FNDA:4,(anonymous_17)
FNDA:0,(anonymous_18)
FNDA:4,(anonymous_19)
FNDA:0,(anonymous_20)
FNDA:3,(anonymous_21)
FNDA:0,(anonymous_22)
FNDA:4,(anonymous_23)
FNDA:0,(anonymous_24)
FNDA:4,(anonymous_25)
FNDA:0,(anonymous_26)
FNDA:4,(anonymous_27)
FNDA:0,(anonymous_28)
FNDA:4,(anonymous_29)
FNDA:0,(anonymous_30)
FNDA:4,(anonymous_31)
FNDA:0,(anonymous_32)
FNDA:4,(anonymous_33)
FNDA:0,(anonymous_34)
FNDA:0,(anonymous_35)
FNDA:0,(anonymous_36)
FNDA:1,(anonymous_37)
FNDA:1,(anonymous_38)
FNDA:1,(anonymous_39)
FNDA:1,(anonymous_40)
FNDA:1,(anonymous_41)
FNDA:1,(anonymous_42)
FNDA:1,(anonymous_43)
FNDA:1,(anonymous_44)
FNDA:1,(anonymous_45)
FNDA:1,(anonymous_46)
FNDA:1,(anonymous_47)
FNDA:1,(anonymous_48)
FNDA:1,(anonymous_49)
FNDA:1,(anonymous_50)
FNDA:1,(anonymous_51)
DA:17,1
DA:19,1
DA:20,1
DA:27,1
DA:29,1
DA:74,1
DA:75,5
DA:76,5
DA:77,5
DA:78,5
DA:79,5
DA:80,3
DA:82,2
DA:85,2
DA:88,2
DA:101,2
DA:115,1
DA:116,3
DA:117,3
DA:118,3
DA:129,3
DA:166,1
DA:167,8
DA:168,8
DA:169,8
DA:170,8
DA:171,8
DA:172,4
DA:174,4
DA:177,4
DA:181,4
DA:197,4
DA:229,1
DA:230,7
DA:231,7
DA:232,7
DA:233,7
DA:234,7
DA:235,3
DA:237,4
DA:243,4
DA:255,4
DA:281,1
DA:282,4
DA:283,4
DA:284,4
DA:285,4
DA:286,4
DA:287,2
DA:289,2
DA:294,2
DA:308,2
DA:326,1
DA:327,4
DA:328,4
DA:329,4
DA:330,4
DA:331,4
DA:332,2
DA:334,2
DA:337,2
DA:348,2
DA:367,1
DA:368,4
DA:369,4
DA:370,4
DA:371,4
DA:372,4
DA:373,2
DA:375,2
DA:378,2
DA:390,2
DA:411,1
DA:412,3
DA:413,3
DA:414,3
DA:417,3
DA:429,3
DA:454,1
DA:455,4
DA:456,4
DA:457,4
DA:458,4
DA:459,4
DA:460,2
DA:462,2
DA:467,2
DA:470,2
DA:485,2
DA:518,1
DA:519,4
DA:520,4
DA:521,4
DA:522,4
DA:523,4
DA:524,2
DA:526,2
DA:530,2
DA:534,2
DA:548,2
DA:574,1
DA:575,4
DA:576,4
DA:577,4
DA:578,4
DA:579,4
DA:580,2
DA:582,2
DA:585,2
DA:588,2
DA:603,2
DA:622,1
DA:623,4
DA:624,4
DA:625,4
DA:626,4
DA:627,4
DA:628,2
DA:630,2
DA:634,2
DA:645,2
DA:665,1
DA:666,4
DA:667,4
DA:668,4
DA:669,4
DA:670,4
DA:671,2
DA:673,2
DA:677,2
DA:689,2
DA:708,1
DA:709,4
DA:710,4
DA:711,4
DA:712,4
DA:713,4
DA:714,2
DA:716,2
DA:719,2
DA:731,2
DA:756,1
DA:757,0
DA:758,0
DA:759,0
DA:760,0
DA:761,0
DA:762,0
DA:764,0
DA:767,0
DA:778,0
DA:781,1
DA:783,1
DA:784,1
DA:790,1
DA:824,1
DA:826,1
DA:827,1
DA:828,1
DA:829,1
DA:830,1
DA:831,1
DA:832,1
DA:833,1
DA:834,1
DA:835,1
DA:836,1
DA:837,1
DA:838,1
DA:839,1
DA:840,1
DA:863,1
DA:865,1
DA:866,1
DA:867,1
DA:868,1
DA:869,1
DA:870,1
DA:871,1
DA:872,1
DA:873,1
DA:874,1
DA:875,1
DA:876,1
DA:877,1
DA:878,1
DA:881,1
DA:882,1
DA:883,1
DA:884,1
DA:885,1
DA:886,1
DA:887,1
DA:888,1
DA:889,1
DA:890,1
DA:891,1
DA:892,1
DA:893,1
DA:894,1
DA:895,1
DA:913,1
DA:915,1
DA:916,1
DA:917,1
DA:918,1
DA:919,1
DA:920,1
DA:921,1
DA:922,1
DA:923,1
DA:924,1
DA:925,1
DA:926,1
DA:927,1
DA:928,1
DA:929,1
DA:932,1
DA:933,1
DA:934,1
DA:950,1
DA:952,1
DA:953,1
DA:954,1
DA:955,1
DA:956,1
DA:957,1
DA:958,1
DA:959,1
DA:960,1
DA:961,1
DA:962,1
DA:988,1
DA:990,1
DA:991,1
DA:992,1
DA:993,1
DA:994,1
DA:995,1
DA:996,1
DA:997,1
DA:998,1
DA:999,1
DA:1000,1
DA:1031,1
DA:1033,1
DA:1034,1
DA:1035,1
DA:1036,1
DA:1037,1
DA:1038,1
DA:1039,1
DA:1040,1
DA:1041,1
DA:1042,1
DA:1043,1
DA:1044,1
DA:1045,1
DA:1046,1
DA:1047,1
DA:1048,1
DA:1049,1
DA:1050,1
DA:1191,1
LF:264
LH:255
BRDA:50,0,0,2
BRDA:50,0,1,2
BRDA:76,1,0,5
BRDA:76,1,1,0
BRDA:79,2,0,3
BRDA:79,2,1,2
BRDA:116,3,0,0
BRDA:116,3,1,3
BRDA:116,4,0,3
BRDA:116,4,1,0
BRDA:117,5,0,0
BRDA:117,5,1,3
BRDA:117,6,0,3
BRDA:117,6,1,0
BRDA:117,7,0,3
BRDA:117,7,1,0
BRDA:168,8,0,7
BRDA:168,8,1,1
BRDA:171,9,0,4
BRDA:171,9,1,4
BRDA:231,10,0,7
BRDA:231,10,1,0
BRDA:234,11,0,3
BRDA:234,11,1,4
BRDA:283,12,0,4
BRDA:283,12,1,0
BRDA:286,13,0,2
BRDA:286,13,1,2
BRDA:328,14,0,4
BRDA:328,14,1,0
BRDA:331,15,0,2
BRDA:331,15,1,2
BRDA:369,16,0,4
BRDA:369,16,1,0
BRDA:372,17,0,2
BRDA:372,17,1,2
BRDA:412,18,0,0
BRDA:412,18,1,3
BRDA:412,19,0,3
BRDA:412,19,1,0
BRDA:413,20,0,0
BRDA:413,20,1,3
BRDA:413,21,0,3
BRDA:413,21,1,0
BRDA:413,22,0,3
BRDA:413,22,1,0
BRDA:456,23,0,4
BRDA:456,23,1,0
BRDA:459,24,0,2
BRDA:459,24,1,2
BRDA:520,25,0,4
BRDA:520,25,1,0
BRDA:523,26,0,2
BRDA:523,26,1,2
BRDA:576,27,0,4
BRDA:576,27,1,0
BRDA:579,28,0,2
BRDA:579,28,1,2
BRDA:624,29,0,4
BRDA:624,29,1,0
BRDA:627,30,0,2
BRDA:627,30,1,2
BRDA:667,31,0,4
BRDA:667,31,1,0
BRDA:670,32,0,2
BRDA:670,32,1,2
BRDA:710,33,0,4
BRDA:710,33,1,0
BRDA:713,34,0,2
BRDA:713,34,1,2
BRDA:758,35,0,0
BRDA:758,35,1,0
BRDA:761,36,0,0
BRDA:761,36,1,0
BRDA:826,37,0,1
BRDA:826,37,1,1
BRDA:824,38,0,1
BRDA:824,38,1,1
BRDA:865,39,0,1
BRDA:865,39,1,1
BRDA:881,40,0,1
BRDA:881,40,1,1
BRDA:863,41,0,1
BRDA:863,41,1,1
BRDA:915,42,0,1
BRDA:915,42,1,1
BRDA:932,43,0,1
BRDA:932,43,1,1
BRDA:913,44,0,1
BRDA:913,44,1,1
BRDA:952,45,0,1
BRDA:952,45,1,1
BRDA:950,46,0,1
BRDA:950,46,1,1
BRDA:990,47,0,1
BRDA:990,47,1,1
BRDA:988,48,0,1
BRDA:988,48,1,1
BRDA:1033,49,0,1
BRDA:1033,49,1,1
BRDA:1031,50,0,1
BRDA:1031,50,1,1
BRDA:790,51,0,1
BRDA:790,51,1,0
BRF:104
BRH:78
end_of_record
TN:
SF:/home/travis/build/watson-developer-cloud/node-sdk/text-to-speech/v1.ts
FN:3,(anonymous_5)
FN:4,TextToSpeechV1
FN:59,(anonymous_7)
FN:8,(anonymous_8)
FN:13,(anonymous_9)
FN:18,(anonymous_10)
FN:23,(anonymous_11)
FN:28,(anonymous_12)
FN:33,(anonymous_13)
FN:38,(anonymous_14)
FN:43,(anonymous_15)
FN:48,(anonymous_16)
FNF:12
FNH:11
FNDA:1,(anonymous_5)
FNDA:2,TextToSpeechV1
FNDA:0,(anonymous_7)
FNDA:3,(anonymous_8)
FNDA:4,(anonymous_9)
FNDA:4,(anonymous_10)
FNDA:4,(anonymous_11)
FNDA:4,(anonymous_12)
FNDA:4,(anonymous_13)
FNDA:3,(anonymous_14)
FNDA:5,(anonymous_15)
FNDA:7,(anonymous_16)
DA:1,1
DA:3,1
DA:5,2
DA:8,1
DA:9,3
DA:10,3
DA:13,1
DA:14,4
DA:15,4
DA:18,1
DA:19,4
DA:20,4
DA:23,1
DA:24,4
DA:25,4
DA:28,1
DA:29,4
DA:30,4
DA:33,1
DA:34,4
DA:35,4
DA:38,1
DA:39,3
DA:40,3
DA:43,1
DA:44,5
DA:45,5
DA:48,1
DA:49,7
DA:50,7
DA:59,2
DA:60,0
DA:65,0
DA:66,0
DA:70,0
DA:71,0
DA:74,0
DA:75,0
DA:78,0
DA:79,0
DA:81,0
DA:82,0
DA:83,0
DA:86,0
DA:89,0
DA:92,0
DA:93,0
DA:97,0
DA:98,0
DA:101,0
DA:104,0
DA:106,0
DA:108,1
DA:110,1
LF:54
LH:33
BRDA:5,0,0,2
BRDA:5,0,1,0
BRDA:82,1,0,0
BRDA:82,1,1,0
BRDA:92,2,0,0
BRDA:92,2,1,0
BRF:6
BRH:1
end_of_record
TN:
SF:/home/travis/build/watson-developer-cloud/node-sdk/tone-analyzer/v3-generated.ts
FN:26,(anonymous_5)
FN:50,ToneAnalyzerV3
FN:107,(anonymous_7)
FN:109,(anonymous_8)
FN:170,(anonymous_9)
FN:172,(anonymous_10)
FN:209,(anonymous_11)
FN:252,(anonymous_12)
FN:254,(anonymous_13)
FN:260,(anonymous_14)
FN:265,(anonymous_15)
FN:292,(anonymous_16)
FN:294,(anonymous_17)
FN:299,(anonymous_18)
FNF:14
FNH:12
FNDA:1,(anonymous_5)
FNDA:6,ToneAnalyzerV3
FNDA:15,(anonymous_7)
FNDA:0,(anonymous_8)
FNDA:5,(anonymous_9)
FNDA:0,(anonymous_10)
FNDA:1,(anonymous_11)
FNDA:1,(anonymous_12)
FNDA:1,(anonymous_13)
FNDA:1,(anonymous_14)
FNDA:1,(anonymous_15)
FNDA:1,(anonymous_16)
FNDA:1,(anonymous_17)
FNDA:1,(anonymous_18)
DA:17,1
DA:19,1
DA:20,1
DA:26,1
DA:28,1
DA:51,6
DA:53,6
DA:54,0
DA:56,6
DA:107,1
DA:108,15
DA:109,15
DA:110,15
DA:111,15
DA:112,15
DA:113,0
DA:115,15
DA:116,15
DA:120,15
DA:137,15
DA:170,1
DA:171,5
DA:172,5
DA:173,5
DA:174,5
DA:175,5
DA:176,0
DA:178,5
DA:181,5
DA:197,5
DA:200,1
DA:202,1
DA:203,1
DA:209,1
DA:252,1
DA:254,1
DA:255,1
DA:256,1
DA:257,1
DA:260,1
DA:261,1
DA:262,1
DA:265,1
DA:266,1
DA:267,1
DA:268,1
DA:269,1
DA:270,1
DA:271,1
DA:272,1
DA:273,1
DA:274,1
DA:275,1
DA:276,1
DA:292,1
DA:294,1
DA:295,1
DA:296,1
DA:299,1
DA:300,1
DA:301,1
DA:302,1
DA:303,1
DA:304,1
DA:305,1
DA:306,1
DA:307,1
DA:308,1
DA:309,1
DA:310,1
DA:418,1
LF:71
LH:68
BRDA:51,0,0,6
BRDA:51,0,1,6
BRDA:53,1,0,0
BRDA:53,1,1,6
BRDA:109,2,0,15
BRDA:109,2,1,0
BRDA:112,3,0,0
BRDA:112,3,1,15
BRDA:172,4,0,5
BRDA:172,4,1,0
BRDA:175,5,0,0
BRDA:175,5,1,5
BRDA:254,6,0,1
BRDA:254,6,1,1
BRDA:260,7,0,1
BRDA:260,7,1,1
BRDA:265,8,0,1
BRDA:265,8,1,1
BRDA:252,9,0,1
BRDA:252,9,1,1
BRDA:294,10,0,1
BRDA:294,10,1,1
BRDA:299,11,0,1
BRDA:299,11,1,1
BRDA:292,12,0,1
BRDA:292,12,1,1
BRDA:209,13,0,1
BRDA:209,13,1,0
BRF:28
BRH:22
end_of_record
TN:
SF:/home/travis/build/watson-developer-cloud/node-sdk/tone-analyzer/v3.ts
FN:21,(anonymous_5)
FN:22,ToneAnalyzerV3
FN:29,(anonymous_7)
FN:47,(anonymous_8)
FNF:4
FNH:4
FNDA:1,(anonymous_5)
FNDA:6,ToneAnalyzerV3
FNDA:21,(anonymous_7)
FNDA:3,(anonymous_8)
DA:17,1
DA:18,1
DA:19,1
DA:21,1
DA:22,6
DA:24,6
DA:25,6
DA:26,6
DA:29,1
DA:30,21
DA:31,8
DA:34,13
DA:35,13
DA:37,7
DA:38,7
DA:39,7
DA:40,7
DA:41,7
DA:42,7
DA:44,7
DA:47,1
DA:48,3
DA:49,3
DA:50,3
DA:52,3
DA:53,3
DA:54,0
DA:56,3
DA:58,1
DA:60,1
LF:30
LH:29
BRDA:25,0,0,6
BRDA:25,0,1,2
BRDA:26,1,0,6
BRDA:26,1,1,0
BRDA:30,2,0,8
BRDA:30,2,1,13
BRDA:30,3,0,21
BRDA:30,3,1,17
BRDA:35,4,0,6
BRDA:35,4,1,7
BRDA:39,5,0,2
BRDA:39,5,1,5
BRDA:40,6,0,2
BRDA:40,6,1,5
BRDA:41,7,0,2
BRDA:41,7,1,5
BRDA:42,8,0,1
BRDA:42,8,1,6
BRDA:50,9,0,0
BRDA:50,9,1,3
BRDA:53,10,0,0
BRDA:53,10,1,3
BRF:22
BRH:19
end_of_record
TN:
SF:/home/travis/build/watson-developer-cloud/node-sdk/visual-recognition/v3-generated.ts
FN:27,(anonymous_5)
FN:50,VisualRecognitionV3
FN:108,(anonymous_7)
FN:110,(anonymous_8)
FN:177,(anonymous_9)
FN:179,(anonymous_10)
FN:245,(anonymous_11)
FN:247,(anonymous_12)
FN:248,(anonymous_13)
FN:274,(anonymous_14)
FN:311,(anonymous_15)
FN:313,(anonymous_16)
FN:349,(anonymous_17)
FN:351,(anonymous_18)
FN:386,(anonymous_19)
FN:388,(anonymous_20)
FN:449,(anonymous_21)
FN:451,(anonymous_22)
FN:452,(anonymous_23)
FN:480,(anonymous_24)
FN:525,(anonymous_25)
FN:527,(anonymous_26)
FN:572,(anonymous_27)
FN:574,(anonymous_28)
FN:608,(anonymous_29)
FN:656,(anonymous_30)
FN:658,(anonymous_31)
FNF:27
FNH:17
FNDA:1,(anonymous_5)
FNDA:21,VisualRecognitionV3
FNDA:11,(anonymous_7)
FNDA:0,(anonymous_8)
FNDA:10,(anonymous_9)
FNDA:0,(anonymous_10)
FNDA:8,(anonymous_11)
FNDA:0,(anonymous_12)
FNDA:12,(anonymous_13)
FNDA:1,(anonymous_14)
FNDA:5,(anonymous_15)
FNDA:0,(anonymous_16)
FNDA:5,(anonymous_17)
FNDA:0,(anonymous_18)
FNDA:1,(anonymous_19)
FNDA:0,(anonymous_20)
FNDA:9,(anonymous_21)
FNDA:0,(anonymous_22)
FNDA:12,(anonymous_23)
FNDA:1,(anonymous_24)
FNDA:4,(anonymous_25)
FNDA:0,(anonymous_26)
FNDA:0,(anonymous_27)
FNDA:0,(anonymous_28)
FNDA:1,(anonymous_29)
FNDA:1,(anonymous_30)
FNDA:1,(anonymous_31)
DA:17,1
DA:19,1
DA:20,1
DA:27,1
DA:29,1
DA:51,21
DA:53,17
DA:54,1
DA:56,16
DA:108,1
DA:109,11
DA:110,11
DA:111,11
DA:122,11
DA:136,11
DA:177,1
DA:178,10
DA:179,10
DA:180,10
DA:188,10
DA:201,10
DA:245,1
DA:246,8
DA:247,8
DA:248,8
DA:249,12
DA:251,8
DA:252,8
DA:253,8
DA:254,5
DA:256,3
DA:257,1
DA:261,3
DA:274,3
DA:275,1
DA:276,1
DA:280,1
DA:286,3
DA:299,3
DA:311,1
DA:312,5
DA:313,5
DA:314,5
DA:315,5
DA:316,5
DA:317,3
DA:319,2
DA:322,2
DA:335,2
DA:349,1
DA:350,5
DA:351,5
DA:352,5
DA:353,5
DA:354,5
DA:355,3
DA:357,2
DA:360,2
DA:373,2
DA:386,1
DA:387,1
DA:388,1
DA:389,1
DA:392,1
DA:405,1
DA:449,1
DA:450,9
DA:451,9
DA:452,9
DA:453,12
DA:455,9
DA:456,9
DA:457,9
DA:458,8
DA:460,1
DA:461,1
DA:465,1
DA:477,1
DA:480,1
DA:481,1
DA:482,1
DA:486,1
DA:492,1
DA:506,1
DA:525,1
DA:526,4
DA:527,4
DA:528,4
DA:529,4
DA:530,4
DA:531,3
DA:533,1
DA:536,1
DA:549,1
DA:572,1
DA:573,0
DA:574,0
DA:575,0
DA:576,0
DA:577,0
DA:578,0
DA:580,0
DA:583,0
DA:596,0
DA:599,1
DA:601,1
DA:602,1
DA:608,1
DA:656,1
DA:658,1
DA:659,1
DA:660,1
DA:661,1
DA:662,1
DA:663,1
DA:664,1
DA:665,1
DA:666,1
DA:667,1
DA:668,1
DA:669,1
DA:921,1
LF:122
LH:113
BRDA:51,0,0,21
BRDA:51,0,1,17
BRDA:53,1,0,1
BRDA:53,1,1,16
BRDA:109,2,0,0
BRDA:109,2,1,11
BRDA:109,3,0,11
BRDA:109,3,1,0
BRDA:110,4,0,0
BRDA:110,4,1,11
BRDA:110,5,0,11
BRDA:110,5,1,0
BRDA:110,6,0,11
BRDA:110,6,1,0
BRDA:178,7,0,0
BRDA:178,7,1,10
BRDA:178,8,0,10
BRDA:178,8,1,0
BRDA:179,9,0,0
BRDA:179,9,1,10
BRDA:179,10,0,10
BRDA:179,10,1,0
BRDA:179,11,0,10
BRDA:179,11,1,0
BRDA:247,12,0,8
BRDA:247,12,1,0
BRDA:248,13,0,8
BRDA:248,13,1,0
BRDA:253,14,0,5
BRDA:253,14,1,3
BRDA:256,15,0,1
BRDA:256,15,1,2
BRDA:256,16,0,3
BRDA:256,16,1,1
BRDA:275,17,0,1
BRDA:275,17,1,0
BRDA:313,18,0,5
BRDA:313,18,1,0
BRDA:316,19,0,3
BRDA:316,19,1,2
BRDA:351,20,0,5
BRDA:351,20,1,0
BRDA:354,21,0,3
BRDA:354,21,1,2
BRDA:387,22,0,0
BRDA:387,22,1,1
BRDA:387,23,0,1
BRDA:387,23,1,0
BRDA:388,24,0,0
BRDA:388,24,1,1
BRDA:388,25,0,1
BRDA:388,25,1,0
BRDA:388,26,0,1
BRDA:388,26,1,0
BRDA:451,27,0,9
BRDA:451,27,1,0
BRDA:457,28,0,8
BRDA:457,28,1,1
BRDA:460,29,0,1
BRDA:460,29,1,0
BRDA:460,30,0,1
BRDA:460,30,1,1
BRDA:481,31,0,1
BRDA:481,31,1,0
BRDA:527,32,0,4
BRDA:527,32,1,0
BRDA:530,33,0,3
BRDA:530,33,1,1
BRDA:574,34,0,0
BRDA:574,34,1,0
BRDA:577,35,0,0
BRDA:577,35,1,0
BRDA:658,36,0,1
BRDA:658,36,1,1
BRDA:656,37,0,1
BRDA:656,37,1,1
BRDA:608,38,0,1
BRDA:608,38,1,0
BRF:78
BRH:49
end_of_record
TN:
SF:/home/travis/build/watson-developer-cloud/node-sdk/visual-recognition/v3.ts
FN:4,(anonymous_5)
FN:13,VisualRecognitionV3
FN:19,(anonymous_7)
FN:27,(anonymous_8)
FN:35,(anonymous_9)
FN:40,(anonymous_10)
FN:44,(anonymous_11)
FN:48,(anonymous_12)
FN:52,(anonymous_13)
FN:56,(anonymous_14)
FN:60,(anonymous_15)
FN:64,(anonymous_16)
FN:68,(anonymous_17)
FN:72,(anonymous_18)
FN:76,(anonymous_19)
FN:80,(anonymous_20)
FN:84,(anonymous_21)
FN:88,(anonymous_22)
FNF:18
FNH:18
FNDA:1,(anonymous_5)
FNDA:21,VisualRecognitionV3
FNDA:11,(anonymous_7)
FNDA:10,(anonymous_8)
FNDA:1,(anonymous_9)
FNDA:1,(anonymous_10)
FNDA:1,(anonymous_11)
FNDA:1,(anonymous_12)
FNDA:1,(anonymous_13)
FNDA:1,(anonymous_14)
FNDA:1,(anonymous_15)
FNDA:1,(anonymous_16)
FNDA:1,(anonymous_17)
FNDA:1,(anonymous_18)
FNDA:1,(anonymous_19)
FNDA:1,(anonymous_20)
FNDA:1,(anonymous_21)
FNDA:1,(anonymous_22)
DA:1,1
DA:2,1
DA:4,1
DA:5,1
DA:7,1
DA:13,21
DA:15,21
DA:16,21
DA:17,21
DA:19,1
DA:20,11
DA:21,1
DA:23,11
DA:24,11
DA:27,1
DA:28,10
DA:29,1
DA:31,10
DA:32,10
DA:35,1
DA:36,1
DA:37,1
DA:40,1
DA:41,1
DA:44,1
DA:45,1
DA:48,1
DA:49,1
DA:52,1
DA:53,1
DA:56,1
DA:57,1
DA:60,1
DA:61,1
DA:64,1
DA:65,1
DA:68,1
DA:69,1
DA:72,1
DA:73,1
DA:76,1
DA:77,1
DA:80,1
DA:81,1
DA:84,1
DA:85,1
DA:88,1
DA:89,1
DA:91,1
DA:93,1
LF:50
LH:50
BRDA:16,0,0,21
BRDA:16,0,1,21
BRDA:17,1,0,21
BRDA:17,1,1,0
BRDA:20,2,0,1
BRDA:20,2,1,10
BRDA:20,3,0,11
BRDA:20,3,1,9
BRDA:23,4,0,9
BRDA:23,4,1,2
BRDA:23,5,0,9
BRDA:23,5,1,8
BRDA:28,6,0,1
BRDA:28,6,1,9
BRDA:28,7,0,10
BRDA:28,7,1,8
BRDA:31,8,0,8
BRDA:31,8,1,2
BRDA:31,9,0,8
BRDA:31,9,1,7
BRF:20
BRH:19
end_of_record
